2021-07-12 21:02:00.511 [main] INFO  com.example.crmgo.CrmgoApplication - Starting CrmgoApplication using Java 1.8.0_251 on DESKTOP-DGCHB3I with PID 71216 (D:\Documents\java_practice_demo\CRMGO\target\classes started by nantian in D:\Documents\java_practice_demo\CRMGO)
2021-07-12 21:02:00.515 [main] INFO  com.example.crmgo.CrmgoApplication - The following profiles are active: dev
2021-07-12 21:02:01.232 [main] INFO  o.s.d.r.config.RepositoryConfigurationDelegate - Bootstrapping Spring Data JDBC repositories in DEFAULT mode.
2021-07-12 21:02:01.243 [main] INFO  o.s.d.r.config.RepositoryConfigurationDelegate - Finished Spring Data repository scanning in 7 ms. Found 0 JDBC repository interfaces.
2021-07-12 21:02:01.691 [main] INFO  o.s.boot.web.embedded.tomcat.TomcatWebServer - Tomcat initialized with port(s): 8762 (http)
2021-07-12 21:02:01.700 [main] INFO  org.apache.coyote.http11.Http11NioProtocol - Initializing ProtocolHandler ["http-nio-8762"]
2021-07-12 21:02:01.700 [main] INFO  org.apache.catalina.core.StandardService - Starting service [Tomcat]
2021-07-12 21:02:01.700 [main] INFO  org.apache.catalina.core.StandardEngine - Starting Servlet engine: [Apache Tomcat/9.0.48]
2021-07-12 21:02:01.794 [main] INFO  o.a.c.core.ContainerBase.[Tomcat].[localhost].[/] - Initializing Spring embedded WebApplicationContext
2021-07-12 21:02:01.794 [main] INFO  o.s.b.w.s.c.ServletWebServerApplicationContext - Root WebApplicationContext: initialization completed in 1220 ms
2021-07-12 21:02:02.402 [main] INFO  com.zaxxer.hikari.HikariDataSource - HikariPool-1 - Starting...
2021-07-12 21:02:02.623 [main] INFO  com.zaxxer.hikari.HikariDataSource - HikariPool-1 - Start completed.
2021-07-12 21:02:02.685 [main] INFO  org.apache.coyote.http11.Http11NioProtocol - Starting ProtocolHandler ["http-nio-8762"]
2021-07-12 21:02:02.699 [main] INFO  o.s.boot.web.embedded.tomcat.TomcatWebServer - Tomcat started on port(s): 8762 (http) with context path ''
2021-07-12 21:02:02.708 [main] INFO  com.example.crmgo.CrmgoApplication - Started CrmgoApplication in 2.707 seconds (JVM running for 3.862)
2021-07-12 21:33:03.949 [main] INFO  com.example.crmgo.CrmgoApplication - Starting CrmgoApplication using Java 1.8.0_251 on DESKTOP-DGCHB3I with PID 57100 (D:\Documents\java_practice_demo\CRMGO\target\classes started by nantian in D:\Documents\java_practice_demo\CRMGO)
2021-07-12 21:33:03.952 [main] INFO  com.example.crmgo.CrmgoApplication - The following profiles are active: dev
2021-07-12 21:33:04.573 [main] INFO  o.s.d.r.config.RepositoryConfigurationDelegate - Bootstrapping Spring Data JDBC repositories in DEFAULT mode.
2021-07-12 21:33:04.584 [main] INFO  o.s.d.r.config.RepositoryConfigurationDelegate - Finished Spring Data repository scanning in 6 ms. Found 0 JDBC repository interfaces.
2021-07-12 21:33:05.022 [main] INFO  o.s.boot.web.embedded.tomcat.TomcatWebServer - Tomcat initialized with port(s): 8762 (http)
2021-07-12 21:33:05.030 [main] INFO  org.apache.coyote.http11.Http11NioProtocol - Initializing ProtocolHandler ["http-nio-8762"]
2021-07-12 21:33:05.031 [main] INFO  org.apache.catalina.core.StandardService - Starting service [Tomcat]
2021-07-12 21:33:05.031 [main] INFO  org.apache.catalina.core.StandardEngine - Starting Servlet engine: [Apache Tomcat/9.0.48]
2021-07-12 21:33:05.107 [main] INFO  o.a.c.core.ContainerBase.[Tomcat].[localhost].[/] - Initializing Spring embedded WebApplicationContext
2021-07-12 21:33:05.107 [main] INFO  o.s.b.w.s.c.ServletWebServerApplicationContext - Root WebApplicationContext: initialization completed in 1102 ms
2021-07-12 21:33:05.720 [main] INFO  com.zaxxer.hikari.HikariDataSource - HikariPool-1 - Starting...
2021-07-12 21:33:05.864 [main] INFO  com.zaxxer.hikari.HikariDataSource - HikariPool-1 - Start completed.
2021-07-12 21:33:05.925 [main] INFO  org.apache.coyote.http11.Http11NioProtocol - Starting ProtocolHandler ["http-nio-8762"]
2021-07-12 21:33:05.940 [main] INFO  o.s.boot.web.embedded.tomcat.TomcatWebServer - Tomcat started on port(s): 8762 (http) with context path ''
2021-07-12 21:33:05.949 [main] INFO  com.example.crmgo.CrmgoApplication - Started CrmgoApplication in 2.603 seconds (JVM running for 3.704)
2021-07-12 21:34:02.958 [http-nio-8762-exec-1] INFO  o.a.c.core.ContainerBase.[Tomcat].[localhost].[/] - Initializing Spring DispatcherServlet 'dispatcherServlet'
2021-07-12 21:34:02.958 [http-nio-8762-exec-1] INFO  org.springframework.web.servlet.DispatcherServlet - Initializing Servlet 'dispatcherServlet'
2021-07-12 21:34:02.959 [http-nio-8762-exec-1] INFO  org.springframework.web.servlet.DispatcherServlet - Completed initialization in 1 ms
2021-07-12 21:59:31.288 [main] INFO  com.example.crmgo.CrmgoApplication - Starting CrmgoApplication using Java 1.8.0_251 on DESKTOP-DGCHB3I with PID 122104 (D:\Documents\java_practice_demo\CRMGO\target\classes started by nantian in D:\Documents\java_practice_demo\CRMGO)
2021-07-12 21:59:31.290 [main] INFO  com.example.crmgo.CrmgoApplication - The following profiles are active: dev
2021-07-12 21:59:31.823 [main] INFO  o.s.d.r.config.RepositoryConfigurationDelegate - Bootstrapping Spring Data JDBC repositories in DEFAULT mode.
2021-07-12 21:59:31.832 [main] INFO  o.s.d.r.config.RepositoryConfigurationDelegate - Finished Spring Data repository scanning in 6 ms. Found 0 JDBC repository interfaces.
2021-07-12 21:59:32.198 [main] INFO  o.s.boot.web.embedded.tomcat.TomcatWebServer - Tomcat initialized with port(s): 8762 (http)
2021-07-12 21:59:32.206 [main] INFO  org.apache.coyote.http11.Http11NioProtocol - Initializing ProtocolHandler ["http-nio-8762"]
2021-07-12 21:59:32.206 [main] INFO  org.apache.catalina.core.StandardService - Starting service [Tomcat]
2021-07-12 21:59:32.206 [main] INFO  org.apache.catalina.core.StandardEngine - Starting Servlet engine: [Apache Tomcat/9.0.48]
2021-07-12 21:59:32.287 [main] INFO  o.a.c.core.ContainerBase.[Tomcat].[localhost].[/] - Initializing Spring embedded WebApplicationContext
2021-07-12 21:59:32.287 [main] INFO  o.s.b.w.s.c.ServletWebServerApplicationContext - Root WebApplicationContext: initialization completed in 945 ms
2021-07-12 21:59:32.330 [main] INFO  org.apache.catalina.core.StandardService - Stopping service [Tomcat]
2021-07-12 21:59:32.344 [main] INFO  o.s.b.a.l.ConditionEvaluationReportLoggingListener - 

Error starting ApplicationContext. To display the conditions report re-run your application with 'debug' enabled.
2021-07-12 22:00:36.772 [main] INFO  com.example.crmgo.CrmgoApplication - Starting CrmgoApplication using Java 1.8.0_251 on DESKTOP-DGCHB3I with PID 97296 (D:\Documents\java_practice_demo\CRMGO\target\classes started by nantian in D:\Documents\java_practice_demo\CRMGO)
2021-07-12 22:00:36.775 [main] INFO  com.example.crmgo.CrmgoApplication - The following profiles are active: dev
2021-07-12 22:00:37.360 [main] INFO  o.s.d.r.config.RepositoryConfigurationDelegate - Bootstrapping Spring Data JDBC repositories in DEFAULT mode.
2021-07-12 22:00:37.370 [main] INFO  o.s.d.r.config.RepositoryConfigurationDelegate - Finished Spring Data repository scanning in 6 ms. Found 0 JDBC repository interfaces.
2021-07-12 22:00:37.725 [main] INFO  o.s.boot.web.embedded.tomcat.TomcatWebServer - Tomcat initialized with port(s): 8762 (http)
2021-07-12 22:00:37.732 [main] INFO  org.apache.coyote.http11.Http11NioProtocol - Initializing ProtocolHandler ["http-nio-8762"]
2021-07-12 22:00:37.733 [main] INFO  org.apache.catalina.core.StandardService - Starting service [Tomcat]
2021-07-12 22:00:37.733 [main] INFO  org.apache.catalina.core.StandardEngine - Starting Servlet engine: [Apache Tomcat/9.0.48]
2021-07-12 22:00:37.809 [main] INFO  o.a.c.core.ContainerBase.[Tomcat].[localhost].[/] - Initializing Spring embedded WebApplicationContext
2021-07-12 22:00:37.809 [main] INFO  o.s.b.w.s.c.ServletWebServerApplicationContext - Root WebApplicationContext: initialization completed in 983 ms
2021-07-12 22:00:37.850 [main] INFO  org.apache.catalina.core.StandardService - Stopping service [Tomcat]
2021-07-12 22:00:37.862 [main] INFO  o.s.b.a.l.ConditionEvaluationReportLoggingListener - 

Error starting ApplicationContext. To display the conditions report re-run your application with 'debug' enabled.
2021-07-12 22:02:06.415 [main] INFO  com.example.crmgo.CrmgoApplication - Starting CrmgoApplication using Java 1.8.0_251 on DESKTOP-DGCHB3I with PID 121828 (D:\Documents\java_practice_demo\CRMGO\target\classes started by nantian in D:\Documents\java_practice_demo\CRMGO)
2021-07-12 22:02:06.418 [main] INFO  com.example.crmgo.CrmgoApplication - The following profiles are active: dev
2021-07-12 22:02:06.954 [main] INFO  o.s.d.r.config.RepositoryConfigurationDelegate - Bootstrapping Spring Data JDBC repositories in DEFAULT mode.
2021-07-12 22:02:06.963 [main] INFO  o.s.d.r.config.RepositoryConfigurationDelegate - Finished Spring Data repository scanning in 5 ms. Found 0 JDBC repository interfaces.
2021-07-12 22:02:07.354 [main] INFO  o.s.boot.web.embedded.tomcat.TomcatWebServer - Tomcat initialized with port(s): 8762 (http)
2021-07-12 22:02:07.361 [main] INFO  org.apache.coyote.http11.Http11NioProtocol - Initializing ProtocolHandler ["http-nio-8762"]
2021-07-12 22:02:07.361 [main] INFO  org.apache.catalina.core.StandardService - Starting service [Tomcat]
2021-07-12 22:02:07.361 [main] INFO  org.apache.catalina.core.StandardEngine - Starting Servlet engine: [Apache Tomcat/9.0.48]
2021-07-12 22:02:07.433 [main] INFO  o.a.c.core.ContainerBase.[Tomcat].[localhost].[/] - Initializing Spring embedded WebApplicationContext
2021-07-12 22:02:07.433 [main] INFO  o.s.b.w.s.c.ServletWebServerApplicationContext - Root WebApplicationContext: initialization completed in 949 ms
2021-07-12 22:02:08.116 [main] INFO  com.zaxxer.hikari.HikariDataSource - HikariPool-1 - Starting...
2021-07-12 22:02:08.245 [main] INFO  com.zaxxer.hikari.HikariDataSource - HikariPool-1 - Start completed.
2021-07-12 22:02:08.318 [main] INFO  org.apache.coyote.http11.Http11NioProtocol - Starting ProtocolHandler ["http-nio-8762"]
2021-07-12 22:02:08.333 [main] INFO  o.s.boot.web.embedded.tomcat.TomcatWebServer - Tomcat started on port(s): 8762 (http) with context path ''
2021-07-12 22:02:08.342 [main] INFO  com.example.crmgo.CrmgoApplication - Started CrmgoApplication in 2.361 seconds (JVM running for 3.202)
2021-07-12 22:02:18.421 [http-nio-8762-exec-1] INFO  o.a.c.core.ContainerBase.[Tomcat].[localhost].[/] - Initializing Spring DispatcherServlet 'dispatcherServlet'
2021-07-12 22:02:18.421 [http-nio-8762-exec-1] INFO  org.springframework.web.servlet.DispatcherServlet - Initializing Servlet 'dispatcherServlet'
2021-07-12 22:02:18.422 [http-nio-8762-exec-1] INFO  org.springframework.web.servlet.DispatcherServlet - Completed initialization in 1 ms
2021-07-12 22:06:37.568 [main] INFO  com.example.crmgo.CrmgoApplication - Starting CrmgoApplication using Java 1.8.0_251 on DESKTOP-DGCHB3I with PID 121600 (D:\Documents\java_practice_demo\CRMGO\target\classes started by nantian in D:\Documents\java_practice_demo\CRMGO)
2021-07-12 22:06:37.571 [main] INFO  com.example.crmgo.CrmgoApplication - The following profiles are active: dev
2021-07-12 22:06:38.108 [main] INFO  o.s.d.r.config.RepositoryConfigurationDelegate - Bootstrapping Spring Data JDBC repositories in DEFAULT mode.
2021-07-12 22:06:38.117 [main] INFO  o.s.d.r.config.RepositoryConfigurationDelegate - Finished Spring Data repository scanning in 5 ms. Found 0 JDBC repository interfaces.
2021-07-12 22:06:38.464 [main] INFO  o.s.boot.web.embedded.tomcat.TomcatWebServer - Tomcat initialized with port(s): 8762 (http)
2021-07-12 22:06:38.471 [main] INFO  org.apache.coyote.http11.Http11NioProtocol - Initializing ProtocolHandler ["http-nio-8762"]
2021-07-12 22:06:38.472 [main] INFO  org.apache.catalina.core.StandardService - Starting service [Tomcat]
2021-07-12 22:06:38.472 [main] INFO  org.apache.catalina.core.StandardEngine - Starting Servlet engine: [Apache Tomcat/9.0.48]
2021-07-12 22:06:38.556 [main] INFO  o.a.c.core.ContainerBase.[Tomcat].[localhost].[/] - Initializing Spring embedded WebApplicationContext
2021-07-12 22:06:38.557 [main] INFO  o.s.b.w.s.c.ServletWebServerApplicationContext - Root WebApplicationContext: initialization completed in 928 ms
2021-07-12 22:06:39.128 [main] INFO  com.zaxxer.hikari.HikariDataSource - HikariPool-1 - Starting...
2021-07-12 22:06:39.241 [main] INFO  com.zaxxer.hikari.HikariDataSource - HikariPool-1 - Start completed.
2021-07-12 22:06:39.289 [main] INFO  org.apache.coyote.http11.Http11NioProtocol - Starting ProtocolHandler ["http-nio-8762"]
2021-07-12 22:06:39.302 [main] INFO  o.s.boot.web.embedded.tomcat.TomcatWebServer - Tomcat started on port(s): 8762 (http) with context path ''
2021-07-12 22:06:39.310 [main] INFO  com.example.crmgo.CrmgoApplication - Started CrmgoApplication in 2.166 seconds (JVM running for 3.001)
2021-07-12 22:07:17.333 [http-nio-8762-exec-1] INFO  o.a.c.core.ContainerBase.[Tomcat].[localhost].[/] - Initializing Spring DispatcherServlet 'dispatcherServlet'
2021-07-12 22:07:17.333 [http-nio-8762-exec-1] INFO  org.springframework.web.servlet.DispatcherServlet - Initializing Servlet 'dispatcherServlet'
2021-07-12 22:07:17.334 [http-nio-8762-exec-1] INFO  org.springframework.web.servlet.DispatcherServlet - Completed initialization in 1 ms
2021-07-12 22:14:39.894 [main] INFO  com.example.crmgo.CrmgoApplication - Starting CrmgoApplication using Java 1.8.0_251 on DESKTOP-DGCHB3I with PID 15032 (D:\Documents\java_practice_demo\CRMGO\target\classes started by nantian in D:\Documents\java_practice_demo\CRMGO)
2021-07-12 22:14:39.896 [main] INFO  com.example.crmgo.CrmgoApplication - The following profiles are active: dev
2021-07-12 22:14:40.429 [main] INFO  o.s.d.r.config.RepositoryConfigurationDelegate - Bootstrapping Spring Data JDBC repositories in DEFAULT mode.
2021-07-12 22:14:40.438 [main] INFO  o.s.d.r.config.RepositoryConfigurationDelegate - Finished Spring Data repository scanning in 6 ms. Found 0 JDBC repository interfaces.
2021-07-12 22:14:40.776 [main] INFO  o.s.boot.web.embedded.tomcat.TomcatWebServer - Tomcat initialized with port(s): 8762 (http)
2021-07-12 22:14:40.782 [main] INFO  org.apache.coyote.http11.Http11NioProtocol - Initializing ProtocolHandler ["http-nio-8762"]
2021-07-12 22:14:40.783 [main] INFO  org.apache.catalina.core.StandardService - Starting service [Tomcat]
2021-07-12 22:14:40.783 [main] INFO  org.apache.catalina.core.StandardEngine - Starting Servlet engine: [Apache Tomcat/9.0.48]
2021-07-12 22:14:40.855 [main] INFO  o.a.c.core.ContainerBase.[Tomcat].[localhost].[/] - Initializing Spring embedded WebApplicationContext
2021-07-12 22:14:40.855 [main] INFO  o.s.b.w.s.c.ServletWebServerApplicationContext - Root WebApplicationContext: initialization completed in 923 ms
2021-07-12 22:14:41.385 [main] INFO  com.zaxxer.hikari.HikariDataSource - HikariPool-1 - Starting...
2021-07-12 22:14:41.480 [main] INFO  com.zaxxer.hikari.HikariDataSource - HikariPool-1 - Start completed.
2021-07-12 22:14:41.527 [main] INFO  org.apache.coyote.http11.Http11NioProtocol - Starting ProtocolHandler ["http-nio-8762"]
2021-07-12 22:14:41.540 [main] INFO  o.s.boot.web.embedded.tomcat.TomcatWebServer - Tomcat started on port(s): 8762 (http) with context path ''
2021-07-12 22:14:41.549 [main] INFO  com.example.crmgo.CrmgoApplication - Started CrmgoApplication in 2.044 seconds (JVM running for 2.937)
2021-07-12 22:21:16.092 [main] INFO  com.example.crmgo.CrmgoApplication - Starting CrmgoApplication using Java 1.8.0_251 on DESKTOP-DGCHB3I with PID 24008 (D:\Documents\java_practice_demo\CRMGO\target\classes started by nantian in D:\Documents\java_practice_demo\CRMGO)
2021-07-12 22:21:16.095 [main] INFO  com.example.crmgo.CrmgoApplication - The following profiles are active: dev
2021-07-12 22:21:16.605 [main] INFO  o.s.d.r.config.RepositoryConfigurationDelegate - Bootstrapping Spring Data JDBC repositories in DEFAULT mode.
2021-07-12 22:21:16.614 [main] INFO  o.s.d.r.config.RepositoryConfigurationDelegate - Finished Spring Data repository scanning in 6 ms. Found 0 JDBC repository interfaces.
2021-07-12 22:21:16.941 [main] INFO  o.s.boot.web.embedded.tomcat.TomcatWebServer - Tomcat initialized with port(s): 8762 (http)
2021-07-12 22:21:16.950 [main] INFO  org.apache.coyote.http11.Http11NioProtocol - Initializing ProtocolHandler ["http-nio-8762"]
2021-07-12 22:21:16.950 [main] INFO  org.apache.catalina.core.StandardService - Starting service [Tomcat]
2021-07-12 22:21:16.950 [main] INFO  org.apache.catalina.core.StandardEngine - Starting Servlet engine: [Apache Tomcat/9.0.48]
2021-07-12 22:21:17.027 [main] INFO  o.a.c.core.ContainerBase.[Tomcat].[localhost].[/] - Initializing Spring embedded WebApplicationContext
2021-07-12 22:21:17.027 [main] INFO  o.s.b.w.s.c.ServletWebServerApplicationContext - Root WebApplicationContext: initialization completed in 884 ms
2021-07-12 22:21:17.592 [main] INFO  com.zaxxer.hikari.HikariDataSource - HikariPool-1 - Starting...
2021-07-12 22:21:17.684 [main] INFO  com.zaxxer.hikari.HikariDataSource - HikariPool-1 - Start completed.
2021-07-12 22:21:17.732 [main] INFO  org.apache.coyote.http11.Http11NioProtocol - Starting ProtocolHandler ["http-nio-8762"]
2021-07-12 22:21:17.744 [main] INFO  o.s.boot.web.embedded.tomcat.TomcatWebServer - Tomcat started on port(s): 8762 (http) with context path ''
2021-07-12 22:21:17.753 [main] INFO  com.example.crmgo.CrmgoApplication - Started CrmgoApplication in 2.121 seconds (JVM running for 3.037)
2021-07-12 22:21:20.223 [http-nio-8762-exec-1] INFO  o.a.c.core.ContainerBase.[Tomcat].[localhost].[/] - Initializing Spring DispatcherServlet 'dispatcherServlet'
2021-07-12 22:21:20.223 [http-nio-8762-exec-1] INFO  org.springframework.web.servlet.DispatcherServlet - Initializing Servlet 'dispatcherServlet'
2021-07-12 22:21:20.224 [http-nio-8762-exec-1] INFO  org.springframework.web.servlet.DispatcherServlet - Completed initialization in 1 ms
2021-07-12 22:21:20.327 [http-nio-8762-exec-1] INFO  c.e.crmgo.register.utils.interceptor.Intercept - 拦截器启动
2021-07-12 22:21:37.417 [main] INFO  com.example.crmgo.CrmgoApplication - Starting CrmgoApplication using Java 1.8.0_251 on DESKTOP-DGCHB3I with PID 42200 (D:\Documents\java_practice_demo\CRMGO\target\classes started by nantian in D:\Documents\java_practice_demo\CRMGO)
2021-07-12 22:21:37.420 [main] INFO  com.example.crmgo.CrmgoApplication - The following profiles are active: dev
2021-07-12 22:21:37.983 [main] INFO  o.s.d.r.config.RepositoryConfigurationDelegate - Bootstrapping Spring Data JDBC repositories in DEFAULT mode.
2021-07-12 22:21:37.993 [main] INFO  o.s.d.r.config.RepositoryConfigurationDelegate - Finished Spring Data repository scanning in 6 ms. Found 0 JDBC repository interfaces.
2021-07-12 22:21:38.325 [main] INFO  o.s.boot.web.embedded.tomcat.TomcatWebServer - Tomcat initialized with port(s): 8762 (http)
2021-07-12 22:21:38.332 [main] INFO  org.apache.coyote.http11.Http11NioProtocol - Initializing ProtocolHandler ["http-nio-8762"]
2021-07-12 22:21:38.332 [main] INFO  org.apache.catalina.core.StandardService - Starting service [Tomcat]
2021-07-12 22:21:38.333 [main] INFO  org.apache.catalina.core.StandardEngine - Starting Servlet engine: [Apache Tomcat/9.0.48]
2021-07-12 22:21:38.407 [main] INFO  o.a.c.core.ContainerBase.[Tomcat].[localhost].[/] - Initializing Spring embedded WebApplicationContext
2021-07-12 22:21:38.407 [main] INFO  o.s.b.w.s.c.ServletWebServerApplicationContext - Root WebApplicationContext: initialization completed in 941 ms
2021-07-12 22:21:38.933 [main] INFO  com.zaxxer.hikari.HikariDataSource - HikariPool-1 - Starting...
2021-07-12 22:21:39.021 [main] INFO  com.zaxxer.hikari.HikariDataSource - HikariPool-1 - Start completed.
2021-07-12 22:21:39.068 [main] INFO  org.apache.coyote.http11.Http11NioProtocol - Starting ProtocolHandler ["http-nio-8762"]
2021-07-12 22:21:39.080 [main] INFO  o.s.boot.web.embedded.tomcat.TomcatWebServer - Tomcat started on port(s): 8762 (http) with context path ''
2021-07-12 22:21:39.089 [main] INFO  com.example.crmgo.CrmgoApplication - Started CrmgoApplication in 2.086 seconds (JVM running for 2.982)
2021-07-12 22:21:45.969 [http-nio-8762-exec-1] INFO  o.a.c.core.ContainerBase.[Tomcat].[localhost].[/] - Initializing Spring DispatcherServlet 'dispatcherServlet'
2021-07-12 22:21:45.969 [http-nio-8762-exec-1] INFO  org.springframework.web.servlet.DispatcherServlet - Initializing Servlet 'dispatcherServlet'
2021-07-12 22:21:45.970 [http-nio-8762-exec-1] INFO  org.springframework.web.servlet.DispatcherServlet - Completed initialization in 1 ms
2021-07-12 22:21:46.048 [http-nio-8762-exec-1] INFO  c.e.crmgo.register.utils.interceptor.Intercept - 拦截器启动
2021-07-12 22:22:06.522 [main] INFO  com.example.crmgo.CrmgoApplication - Starting CrmgoApplication using Java 1.8.0_251 on DESKTOP-DGCHB3I with PID 109168 (D:\Documents\java_practice_demo\CRMGO\target\classes started by nantian in D:\Documents\java_practice_demo\CRMGO)
2021-07-12 22:22:06.525 [main] INFO  com.example.crmgo.CrmgoApplication - The following profiles are active: dev
2021-07-12 22:22:07.068 [main] INFO  o.s.d.r.config.RepositoryConfigurationDelegate - Bootstrapping Spring Data JDBC repositories in DEFAULT mode.
2021-07-12 22:22:07.078 [main] INFO  o.s.d.r.config.RepositoryConfigurationDelegate - Finished Spring Data repository scanning in 7 ms. Found 0 JDBC repository interfaces.
2021-07-12 22:22:07.404 [main] INFO  o.s.boot.web.embedded.tomcat.TomcatWebServer - Tomcat initialized with port(s): 8762 (http)
2021-07-12 22:22:07.410 [main] INFO  org.apache.coyote.http11.Http11NioProtocol - Initializing ProtocolHandler ["http-nio-8762"]
2021-07-12 22:22:07.411 [main] INFO  org.apache.catalina.core.StandardService - Starting service [Tomcat]
2021-07-12 22:22:07.411 [main] INFO  org.apache.catalina.core.StandardEngine - Starting Servlet engine: [Apache Tomcat/9.0.48]
2021-07-12 22:22:07.485 [main] INFO  o.a.c.core.ContainerBase.[Tomcat].[localhost].[/] - Initializing Spring embedded WebApplicationContext
2021-07-12 22:22:07.485 [main] INFO  o.s.b.w.s.c.ServletWebServerApplicationContext - Root WebApplicationContext: initialization completed in 902 ms
2021-07-12 22:22:08.020 [main] INFO  com.zaxxer.hikari.HikariDataSource - HikariPool-1 - Starting...
2021-07-12 22:22:08.113 [main] INFO  com.zaxxer.hikari.HikariDataSource - HikariPool-1 - Start completed.
2021-07-12 22:22:08.160 [main] INFO  org.apache.coyote.http11.Http11NioProtocol - Starting ProtocolHandler ["http-nio-8762"]
2021-07-12 22:22:08.174 [main] INFO  o.s.boot.web.embedded.tomcat.TomcatWebServer - Tomcat started on port(s): 8762 (http) with context path ''
2021-07-12 22:22:08.182 [main] INFO  com.example.crmgo.CrmgoApplication - Started CrmgoApplication in 2.089 seconds (JVM running for 3.155)
2021-07-12 22:22:14.926 [http-nio-8762-exec-1] INFO  o.a.c.core.ContainerBase.[Tomcat].[localhost].[/] - Initializing Spring DispatcherServlet 'dispatcherServlet'
2021-07-12 22:22:14.926 [http-nio-8762-exec-1] INFO  org.springframework.web.servlet.DispatcherServlet - Initializing Servlet 'dispatcherServlet'
2021-07-12 22:22:14.927 [http-nio-8762-exec-1] INFO  org.springframework.web.servlet.DispatcherServlet - Completed initialization in 1 ms
2021-07-12 22:22:15.004 [http-nio-8762-exec-1] INFO  c.e.crmgo.register.utils.interceptor.Intercept - 拦截器启动
2021-07-12 22:25:57.573 [http-nio-8762-exec-2] INFO  c.e.crmgo.register.utils.interceptor.Intercept - 拦截器启动
2021-07-12 22:30:33.666 [main] INFO  com.example.crmgo.CrmgoApplication - Starting CrmgoApplication using Java 1.8.0_251 on DESKTOP-DGCHB3I with PID 94400 (D:\Documents\java_practice_demo\CRMGO\target\classes started by nantian in D:\Documents\java_practice_demo\CRMGO)
2021-07-12 22:30:33.668 [main] INFO  com.example.crmgo.CrmgoApplication - The following profiles are active: dev
2021-07-12 22:30:34.268 [main] INFO  o.s.d.r.config.RepositoryConfigurationDelegate - Bootstrapping Spring Data JDBC repositories in DEFAULT mode.
2021-07-12 22:30:34.278 [main] INFO  o.s.d.r.config.RepositoryConfigurationDelegate - Finished Spring Data repository scanning in 6 ms. Found 0 JDBC repository interfaces.
2021-07-12 22:30:34.613 [main] INFO  o.s.boot.web.embedded.tomcat.TomcatWebServer - Tomcat initialized with port(s): 8762 (http)
2021-07-12 22:30:34.619 [main] INFO  org.apache.coyote.http11.Http11NioProtocol - Initializing ProtocolHandler ["http-nio-8762"]
2021-07-12 22:30:34.620 [main] INFO  org.apache.catalina.core.StandardService - Starting service [Tomcat]
2021-07-12 22:30:34.620 [main] INFO  org.apache.catalina.core.StandardEngine - Starting Servlet engine: [Apache Tomcat/9.0.48]
2021-07-12 22:30:34.688 [main] INFO  o.a.c.core.ContainerBase.[Tomcat].[localhost].[/] - Initializing Spring embedded WebApplicationContext
2021-07-12 22:30:34.688 [main] INFO  o.s.b.w.s.c.ServletWebServerApplicationContext - Root WebApplicationContext: initialization completed in 965 ms
2021-07-12 22:30:35.220 [main] INFO  com.zaxxer.hikari.HikariDataSource - HikariPool-1 - Starting...
2021-07-12 22:30:35.315 [main] INFO  com.zaxxer.hikari.HikariDataSource - HikariPool-1 - Start completed.
2021-07-12 22:30:35.363 [main] INFO  org.apache.coyote.http11.Http11NioProtocol - Starting ProtocolHandler ["http-nio-8762"]
2021-07-12 22:30:35.376 [main] INFO  o.s.boot.web.embedded.tomcat.TomcatWebServer - Tomcat started on port(s): 8762 (http) with context path ''
2021-07-12 22:30:35.385 [main] INFO  com.example.crmgo.CrmgoApplication - Started CrmgoApplication in 2.126 seconds (JVM running for 3.299)
2021-07-12 22:30:47.425 [http-nio-8762-exec-1] INFO  o.a.c.core.ContainerBase.[Tomcat].[localhost].[/] - Initializing Spring DispatcherServlet 'dispatcherServlet'
2021-07-12 22:30:47.425 [http-nio-8762-exec-1] INFO  org.springframework.web.servlet.DispatcherServlet - Initializing Servlet 'dispatcherServlet'
2021-07-12 22:30:47.426 [http-nio-8762-exec-1] INFO  org.springframework.web.servlet.DispatcherServlet - Completed initialization in 1 ms
2021-07-12 22:30:47.440 [http-nio-8762-exec-1] INFO  com.example.crmgo.register.controller.Test - 拦截器
2021-07-12 22:31:25.982 [main] INFO  com.example.crmgo.CrmgoApplication - Starting CrmgoApplication using Java 1.8.0_251 on DESKTOP-DGCHB3I with PID 47220 (D:\Documents\java_practice_demo\CRMGO\target\classes started by nantian in D:\Documents\java_practice_demo\CRMGO)
2021-07-12 22:31:25.984 [main] INFO  com.example.crmgo.CrmgoApplication - The following profiles are active: dev
2021-07-12 22:31:26.509 [main] INFO  o.s.d.r.config.RepositoryConfigurationDelegate - Bootstrapping Spring Data JDBC repositories in DEFAULT mode.
2021-07-12 22:31:26.519 [main] INFO  o.s.d.r.config.RepositoryConfigurationDelegate - Finished Spring Data repository scanning in 6 ms. Found 0 JDBC repository interfaces.
2021-07-12 22:31:26.846 [main] INFO  o.s.boot.web.embedded.tomcat.TomcatWebServer - Tomcat initialized with port(s): 8762 (http)
2021-07-12 22:31:26.852 [main] INFO  org.apache.coyote.http11.Http11NioProtocol - Initializing ProtocolHandler ["http-nio-8762"]
2021-07-12 22:31:26.853 [main] INFO  org.apache.catalina.core.StandardService - Starting service [Tomcat]
2021-07-12 22:31:26.853 [main] INFO  org.apache.catalina.core.StandardEngine - Starting Servlet engine: [Apache Tomcat/9.0.48]
2021-07-12 22:31:26.924 [main] INFO  o.a.c.core.ContainerBase.[Tomcat].[localhost].[/] - Initializing Spring embedded WebApplicationContext
2021-07-12 22:31:26.924 [main] INFO  o.s.b.w.s.c.ServletWebServerApplicationContext - Root WebApplicationContext: initialization completed in 897 ms
2021-07-12 22:31:27.460 [main] INFO  com.zaxxer.hikari.HikariDataSource - HikariPool-1 - Starting...
2021-07-12 22:31:27.547 [main] INFO  com.zaxxer.hikari.HikariDataSource - HikariPool-1 - Start completed.
2021-07-12 22:31:27.592 [main] INFO  org.apache.coyote.http11.Http11NioProtocol - Starting ProtocolHandler ["http-nio-8762"]
2021-07-12 22:31:27.604 [main] INFO  o.s.boot.web.embedded.tomcat.TomcatWebServer - Tomcat started on port(s): 8762 (http) with context path ''
2021-07-12 22:31:27.615 [main] INFO  com.example.crmgo.CrmgoApplication - Started CrmgoApplication in 2.004 seconds (JVM running for 2.885)
2021-07-12 22:31:42.260 [http-nio-8762-exec-1] INFO  o.a.c.core.ContainerBase.[Tomcat].[localhost].[/] - Initializing Spring DispatcherServlet 'dispatcherServlet'
2021-07-12 22:31:42.260 [http-nio-8762-exec-1] INFO  org.springframework.web.servlet.DispatcherServlet - Initializing Servlet 'dispatcherServlet'
2021-07-12 22:31:42.261 [http-nio-8762-exec-1] INFO  org.springframework.web.servlet.DispatcherServlet - Completed initialization in 0 ms
2021-07-12 22:31:42.271 [http-nio-8762-exec-1] INFO  c.e.crmgo.register.utils.interceptor.Intercept - 拦截器启动
2021-07-12 22:32:38.029 [main] INFO  com.example.crmgo.CrmgoApplication - Starting CrmgoApplication using Java 1.8.0_251 on DESKTOP-DGCHB3I with PID 55856 (D:\Documents\java_practice_demo\CRMGO\target\classes started by nantian in D:\Documents\java_practice_demo\CRMGO)
2021-07-12 22:32:38.032 [main] INFO  com.example.crmgo.CrmgoApplication - The following profiles are active: dev
2021-07-12 22:32:38.566 [main] INFO  o.s.d.r.config.RepositoryConfigurationDelegate - Bootstrapping Spring Data JDBC repositories in DEFAULT mode.
2021-07-12 22:32:38.575 [main] INFO  o.s.d.r.config.RepositoryConfigurationDelegate - Finished Spring Data repository scanning in 5 ms. Found 0 JDBC repository interfaces.
2021-07-12 22:32:38.897 [main] INFO  o.s.boot.web.embedded.tomcat.TomcatWebServer - Tomcat initialized with port(s): 8762 (http)
2021-07-12 22:32:38.903 [main] INFO  org.apache.coyote.http11.Http11NioProtocol - Initializing ProtocolHandler ["http-nio-8762"]
2021-07-12 22:32:38.904 [main] INFO  org.apache.catalina.core.StandardService - Starting service [Tomcat]
2021-07-12 22:32:38.904 [main] INFO  org.apache.catalina.core.StandardEngine - Starting Servlet engine: [Apache Tomcat/9.0.48]
2021-07-12 22:32:38.972 [main] INFO  o.a.c.core.ContainerBase.[Tomcat].[localhost].[/] - Initializing Spring embedded WebApplicationContext
2021-07-12 22:32:38.973 [main] INFO  o.s.b.w.s.c.ServletWebServerApplicationContext - Root WebApplicationContext: initialization completed in 897 ms
2021-07-12 22:32:39.475 [main] INFO  com.zaxxer.hikari.HikariDataSource - HikariPool-1 - Starting...
2021-07-12 22:32:39.563 [main] INFO  com.zaxxer.hikari.HikariDataSource - HikariPool-1 - Start completed.
2021-07-12 22:32:39.608 [main] INFO  org.apache.coyote.http11.Http11NioProtocol - Starting ProtocolHandler ["http-nio-8762"]
2021-07-12 22:32:39.622 [main] INFO  o.s.boot.web.embedded.tomcat.TomcatWebServer - Tomcat started on port(s): 8762 (http) with context path ''
2021-07-12 22:32:39.631 [main] INFO  com.example.crmgo.CrmgoApplication - Started CrmgoApplication in 1.991 seconds (JVM running for 2.843)
2021-07-12 22:32:43.887 [http-nio-8762-exec-1] INFO  o.a.c.core.ContainerBase.[Tomcat].[localhost].[/] - Initializing Spring DispatcherServlet 'dispatcherServlet'
2021-07-12 22:32:43.887 [http-nio-8762-exec-1] INFO  org.springframework.web.servlet.DispatcherServlet - Initializing Servlet 'dispatcherServlet'
2021-07-12 22:32:43.889 [http-nio-8762-exec-1] INFO  org.springframework.web.servlet.DispatcherServlet - Completed initialization in 1 ms
2021-07-12 22:32:43.899 [http-nio-8762-exec-1] INFO  c.e.crmgo.register.utils.interceptor.Intercept - 测试
2021-07-12 22:33:44.145 [main] INFO  com.example.crmgo.CrmgoApplication - Starting CrmgoApplication using Java 1.8.0_251 on DESKTOP-DGCHB3I with PID 46328 (D:\Documents\java_practice_demo\CRMGO\target\classes started by nantian in D:\Documents\java_practice_demo\CRMGO)
2021-07-12 22:33:44.148 [main] INFO  com.example.crmgo.CrmgoApplication - The following profiles are active: dev
2021-07-12 22:33:44.663 [main] INFO  o.s.d.r.config.RepositoryConfigurationDelegate - Bootstrapping Spring Data JDBC repositories in DEFAULT mode.
2021-07-12 22:33:44.672 [main] INFO  o.s.d.r.config.RepositoryConfigurationDelegate - Finished Spring Data repository scanning in 5 ms. Found 0 JDBC repository interfaces.
2021-07-12 22:33:45.000 [main] INFO  o.s.boot.web.embedded.tomcat.TomcatWebServer - Tomcat initialized with port(s): 8762 (http)
2021-07-12 22:33:45.007 [main] INFO  org.apache.coyote.http11.Http11NioProtocol - Initializing ProtocolHandler ["http-nio-8762"]
2021-07-12 22:33:45.008 [main] INFO  org.apache.catalina.core.StandardService - Starting service [Tomcat]
2021-07-12 22:33:45.008 [main] INFO  org.apache.catalina.core.StandardEngine - Starting Servlet engine: [Apache Tomcat/9.0.48]
2021-07-12 22:33:45.080 [main] INFO  o.a.c.core.ContainerBase.[Tomcat].[localhost].[/] - Initializing Spring embedded WebApplicationContext
2021-07-12 22:33:45.080 [main] INFO  o.s.b.w.s.c.ServletWebServerApplicationContext - Root WebApplicationContext: initialization completed in 890 ms
2021-07-12 22:33:45.613 [main] INFO  com.zaxxer.hikari.HikariDataSource - HikariPool-1 - Starting...
2021-07-12 22:33:45.704 [main] INFO  com.zaxxer.hikari.HikariDataSource - HikariPool-1 - Start completed.
2021-07-12 22:33:45.751 [main] INFO  org.apache.coyote.http11.Http11NioProtocol - Starting ProtocolHandler ["http-nio-8762"]
2021-07-12 22:33:45.764 [main] INFO  o.s.boot.web.embedded.tomcat.TomcatWebServer - Tomcat started on port(s): 8762 (http) with context path ''
2021-07-12 22:33:45.773 [main] INFO  com.example.crmgo.CrmgoApplication - Started CrmgoApplication in 2.017 seconds (JVM running for 2.899)
2021-07-12 22:33:48.410 [http-nio-8762-exec-2] INFO  o.a.c.core.ContainerBase.[Tomcat].[localhost].[/] - Initializing Spring DispatcherServlet 'dispatcherServlet'
2021-07-12 22:33:48.410 [http-nio-8762-exec-2] INFO  org.springframework.web.servlet.DispatcherServlet - Initializing Servlet 'dispatcherServlet'
2021-07-12 22:33:48.411 [http-nio-8762-exec-2] INFO  org.springframework.web.servlet.DispatcherServlet - Completed initialization in 1 ms
2021-07-12 22:34:52.279 [main] INFO  com.example.crmgo.CrmgoApplication - Starting CrmgoApplication using Java 1.8.0_251 on DESKTOP-DGCHB3I with PID 70820 (D:\Documents\java_practice_demo\CRMGO\target\classes started by nantian in D:\Documents\java_practice_demo\CRMGO)
2021-07-12 22:34:52.282 [main] INFO  com.example.crmgo.CrmgoApplication - The following profiles are active: dev
2021-07-12 22:34:52.835 [main] INFO  o.s.d.r.config.RepositoryConfigurationDelegate - Bootstrapping Spring Data JDBC repositories in DEFAULT mode.
2021-07-12 22:34:52.844 [main] INFO  o.s.d.r.config.RepositoryConfigurationDelegate - Finished Spring Data repository scanning in 5 ms. Found 0 JDBC repository interfaces.
2021-07-12 22:34:53.174 [main] INFO  o.s.boot.web.embedded.tomcat.TomcatWebServer - Tomcat initialized with port(s): 8762 (http)
2021-07-12 22:34:53.182 [main] INFO  org.apache.coyote.http11.Http11NioProtocol - Initializing ProtocolHandler ["http-nio-8762"]
2021-07-12 22:34:53.182 [main] INFO  org.apache.catalina.core.StandardService - Starting service [Tomcat]
2021-07-12 22:34:53.182 [main] INFO  org.apache.catalina.core.StandardEngine - Starting Servlet engine: [Apache Tomcat/9.0.48]
2021-07-12 22:34:53.254 [main] INFO  o.a.c.core.ContainerBase.[Tomcat].[localhost].[/] - Initializing Spring embedded WebApplicationContext
2021-07-12 22:34:53.254 [main] INFO  o.s.b.w.s.c.ServletWebServerApplicationContext - Root WebApplicationContext: initialization completed in 917 ms
2021-07-12 22:34:53.786 [main] INFO  com.zaxxer.hikari.HikariDataSource - HikariPool-1 - Starting...
2021-07-12 22:34:53.894 [main] INFO  com.zaxxer.hikari.HikariDataSource - HikariPool-1 - Start completed.
2021-07-12 22:34:53.940 [main] INFO  org.apache.coyote.http11.Http11NioProtocol - Starting ProtocolHandler ["http-nio-8762"]
2021-07-12 22:34:53.952 [main] INFO  o.s.boot.web.embedded.tomcat.TomcatWebServer - Tomcat started on port(s): 8762 (http) with context path ''
2021-07-12 22:34:53.960 [main] INFO  com.example.crmgo.CrmgoApplication - Started CrmgoApplication in 2.109 seconds (JVM running for 3.009)
2021-07-12 22:34:57.093 [http-nio-8762-exec-1] INFO  o.a.c.core.ContainerBase.[Tomcat].[localhost].[/] - Initializing Spring DispatcherServlet 'dispatcherServlet'
2021-07-12 22:34:57.093 [http-nio-8762-exec-1] INFO  org.springframework.web.servlet.DispatcherServlet - Initializing Servlet 'dispatcherServlet'
2021-07-12 22:34:57.094 [http-nio-8762-exec-1] INFO  org.springframework.web.servlet.DispatcherServlet - Completed initialization in 1 ms
2021-07-12 22:34:57.108 [http-nio-8762-exec-1] INFO  com.example.crmgo.register.controller.Test - 拦截器失效
2021-07-12 22:36:09.179 [main] INFO  com.example.crmgo.CrmgoApplication - Starting CrmgoApplication using Java 1.8.0_251 on DESKTOP-DGCHB3I with PID 75804 (D:\Documents\java_practice_demo\CRMGO\target\classes started by nantian in D:\Documents\java_practice_demo\CRMGO)
2021-07-12 22:36:09.182 [main] INFO  com.example.crmgo.CrmgoApplication - The following profiles are active: dev
2021-07-12 22:36:09.724 [main] INFO  o.s.d.r.config.RepositoryConfigurationDelegate - Bootstrapping Spring Data JDBC repositories in DEFAULT mode.
2021-07-12 22:36:09.733 [main] INFO  o.s.d.r.config.RepositoryConfigurationDelegate - Finished Spring Data repository scanning in 5 ms. Found 0 JDBC repository interfaces.
2021-07-12 22:36:10.061 [main] INFO  o.s.boot.web.embedded.tomcat.TomcatWebServer - Tomcat initialized with port(s): 8762 (http)
2021-07-12 22:36:10.067 [main] INFO  org.apache.coyote.http11.Http11NioProtocol - Initializing ProtocolHandler ["http-nio-8762"]
2021-07-12 22:36:10.068 [main] INFO  org.apache.catalina.core.StandardService - Starting service [Tomcat]
2021-07-12 22:36:10.068 [main] INFO  org.apache.catalina.core.StandardEngine - Starting Servlet engine: [Apache Tomcat/9.0.48]
2021-07-12 22:36:10.154 [main] INFO  o.a.c.core.ContainerBase.[Tomcat].[localhost].[/] - Initializing Spring embedded WebApplicationContext
2021-07-12 22:36:10.155 [main] INFO  o.s.b.w.s.c.ServletWebServerApplicationContext - Root WebApplicationContext: initialization completed in 922 ms
2021-07-12 22:36:10.639 [main] INFO  com.zaxxer.hikari.HikariDataSource - HikariPool-1 - Starting...
2021-07-12 22:36:10.726 [main] INFO  com.zaxxer.hikari.HikariDataSource - HikariPool-1 - Start completed.
2021-07-12 22:36:10.772 [main] INFO  org.apache.coyote.http11.Http11NioProtocol - Starting ProtocolHandler ["http-nio-8762"]
2021-07-12 22:36:10.784 [main] INFO  o.s.boot.web.embedded.tomcat.TomcatWebServer - Tomcat started on port(s): 8762 (http) with context path ''
2021-07-12 22:36:10.792 [main] INFO  com.example.crmgo.CrmgoApplication - Started CrmgoApplication in 2.038 seconds (JVM running for 2.854)
2021-07-12 22:36:15.787 [http-nio-8762-exec-1] INFO  o.a.c.core.ContainerBase.[Tomcat].[localhost].[/] - Initializing Spring DispatcherServlet 'dispatcherServlet'
2021-07-12 22:36:15.787 [http-nio-8762-exec-1] INFO  org.springframework.web.servlet.DispatcherServlet - Initializing Servlet 'dispatcherServlet'
2021-07-12 22:36:15.787 [http-nio-8762-exec-1] INFO  org.springframework.web.servlet.DispatcherServlet - Completed initialization in 0 ms
2021-07-12 22:37:09.142 [main] INFO  com.example.crmgo.CrmgoApplication - Starting CrmgoApplication using Java 1.8.0_251 on DESKTOP-DGCHB3I with PID 96616 (D:\Documents\java_practice_demo\CRMGO\target\classes started by nantian in D:\Documents\java_practice_demo\CRMGO)
2021-07-12 22:37:09.144 [main] INFO  com.example.crmgo.CrmgoApplication - The following profiles are active: dev
2021-07-12 22:37:09.669 [main] INFO  o.s.d.r.config.RepositoryConfigurationDelegate - Bootstrapping Spring Data JDBC repositories in DEFAULT mode.
2021-07-12 22:37:09.679 [main] INFO  o.s.d.r.config.RepositoryConfigurationDelegate - Finished Spring Data repository scanning in 6 ms. Found 0 JDBC repository interfaces.
2021-07-12 22:37:10.027 [main] INFO  o.s.boot.web.embedded.tomcat.TomcatWebServer - Tomcat initialized with port(s): 8762 (http)
2021-07-12 22:37:10.033 [main] INFO  org.apache.coyote.http11.Http11NioProtocol - Initializing ProtocolHandler ["http-nio-8762"]
2021-07-12 22:37:10.034 [main] INFO  org.apache.catalina.core.StandardService - Starting service [Tomcat]
2021-07-12 22:37:10.034 [main] INFO  org.apache.catalina.core.StandardEngine - Starting Servlet engine: [Apache Tomcat/9.0.48]
2021-07-12 22:37:10.107 [main] INFO  o.a.c.core.ContainerBase.[Tomcat].[localhost].[/] - Initializing Spring embedded WebApplicationContext
2021-07-12 22:37:10.108 [main] INFO  o.s.b.w.s.c.ServletWebServerApplicationContext - Root WebApplicationContext: initialization completed in 918 ms
2021-07-12 22:37:10.653 [main] INFO  com.zaxxer.hikari.HikariDataSource - HikariPool-1 - Starting...
2021-07-12 22:37:10.746 [main] INFO  com.zaxxer.hikari.HikariDataSource - HikariPool-1 - Start completed.
2021-07-12 22:37:10.791 [main] INFO  org.apache.coyote.http11.Http11NioProtocol - Starting ProtocolHandler ["http-nio-8762"]
2021-07-12 22:37:10.806 [main] INFO  o.s.boot.web.embedded.tomcat.TomcatWebServer - Tomcat started on port(s): 8762 (http) with context path ''
2021-07-12 22:37:10.816 [main] INFO  com.example.crmgo.CrmgoApplication - Started CrmgoApplication in 2.088 seconds (JVM running for 2.939)
2021-07-12 22:37:13.963 [http-nio-8762-exec-1] INFO  o.a.c.core.ContainerBase.[Tomcat].[localhost].[/] - Initializing Spring DispatcherServlet 'dispatcherServlet'
2021-07-12 22:37:13.963 [http-nio-8762-exec-1] INFO  org.springframework.web.servlet.DispatcherServlet - Initializing Servlet 'dispatcherServlet'
2021-07-12 22:37:13.964 [http-nio-8762-exec-1] INFO  org.springframework.web.servlet.DispatcherServlet - Completed initialization in 1 ms
2021-07-12 22:37:40.553 [main] INFO  com.example.crmgo.CrmgoApplication - Starting CrmgoApplication using Java 1.8.0_251 on DESKTOP-DGCHB3I with PID 67888 (D:\Documents\java_practice_demo\CRMGO\target\classes started by nantian in D:\Documents\java_practice_demo\CRMGO)
2021-07-12 22:37:40.555 [main] INFO  com.example.crmgo.CrmgoApplication - The following profiles are active: dev
2021-07-12 22:37:41.083 [main] INFO  o.s.d.r.config.RepositoryConfigurationDelegate - Bootstrapping Spring Data JDBC repositories in DEFAULT mode.
2021-07-12 22:37:41.093 [main] INFO  o.s.d.r.config.RepositoryConfigurationDelegate - Finished Spring Data repository scanning in 5 ms. Found 0 JDBC repository interfaces.
2021-07-12 22:37:41.416 [main] INFO  o.s.boot.web.embedded.tomcat.TomcatWebServer - Tomcat initialized with port(s): 8762 (http)
2021-07-12 22:37:41.422 [main] INFO  org.apache.coyote.http11.Http11NioProtocol - Initializing ProtocolHandler ["http-nio-8762"]
2021-07-12 22:37:41.423 [main] INFO  org.apache.catalina.core.StandardService - Starting service [Tomcat]
2021-07-12 22:37:41.423 [main] INFO  org.apache.catalina.core.StandardEngine - Starting Servlet engine: [Apache Tomcat/9.0.48]
2021-07-12 22:37:41.490 [main] INFO  o.a.c.core.ContainerBase.[Tomcat].[localhost].[/] - Initializing Spring embedded WebApplicationContext
2021-07-12 22:37:41.491 [main] INFO  o.s.b.w.s.c.ServletWebServerApplicationContext - Root WebApplicationContext: initialization completed in 891 ms
2021-07-12 22:37:42.013 [main] INFO  com.zaxxer.hikari.HikariDataSource - HikariPool-1 - Starting...
2021-07-12 22:37:42.100 [main] INFO  com.zaxxer.hikari.HikariDataSource - HikariPool-1 - Start completed.
2021-07-12 22:37:42.147 [main] INFO  org.apache.coyote.http11.Http11NioProtocol - Starting ProtocolHandler ["http-nio-8762"]
2021-07-12 22:37:42.158 [main] INFO  o.s.boot.web.embedded.tomcat.TomcatWebServer - Tomcat started on port(s): 8762 (http) with context path ''
2021-07-12 22:37:42.166 [main] INFO  com.example.crmgo.CrmgoApplication - Started CrmgoApplication in 1.982 seconds (JVM running for 2.838)
2021-07-12 22:37:53.474 [http-nio-8762-exec-1] INFO  o.a.c.core.ContainerBase.[Tomcat].[localhost].[/] - Initializing Spring DispatcherServlet 'dispatcherServlet'
2021-07-12 22:37:53.474 [http-nio-8762-exec-1] INFO  org.springframework.web.servlet.DispatcherServlet - Initializing Servlet 'dispatcherServlet'
2021-07-12 22:37:53.475 [http-nio-8762-exec-1] INFO  org.springframework.web.servlet.DispatcherServlet - Completed initialization in 1 ms
2021-07-12 22:39:44.333 [main] INFO  com.example.crmgo.CrmgoApplication - Starting CrmgoApplication using Java 1.8.0_251 on DESKTOP-DGCHB3I with PID 85100 (D:\Documents\java_practice_demo\CRMGO\target\classes started by nantian in D:\Documents\java_practice_demo\CRMGO)
2021-07-12 22:39:44.336 [main] INFO  com.example.crmgo.CrmgoApplication - The following profiles are active: dev
2021-07-12 22:39:44.912 [main] INFO  o.s.d.r.config.RepositoryConfigurationDelegate - Bootstrapping Spring Data JDBC repositories in DEFAULT mode.
2021-07-12 22:39:44.922 [main] INFO  o.s.d.r.config.RepositoryConfigurationDelegate - Finished Spring Data repository scanning in 6 ms. Found 0 JDBC repository interfaces.
2021-07-12 22:39:45.272 [main] INFO  o.s.boot.web.embedded.tomcat.TomcatWebServer - Tomcat initialized with port(s): 8762 (http)
2021-07-12 22:39:45.279 [main] INFO  org.apache.coyote.http11.Http11NioProtocol - Initializing ProtocolHandler ["http-nio-8762"]
2021-07-12 22:39:45.279 [main] INFO  org.apache.catalina.core.StandardService - Starting service [Tomcat]
2021-07-12 22:39:45.279 [main] INFO  org.apache.catalina.core.StandardEngine - Starting Servlet engine: [Apache Tomcat/9.0.48]
2021-07-12 22:39:45.353 [main] INFO  o.a.c.core.ContainerBase.[Tomcat].[localhost].[/] - Initializing Spring embedded WebApplicationContext
2021-07-12 22:39:45.353 [main] INFO  o.s.b.w.s.c.ServletWebServerApplicationContext - Root WebApplicationContext: initialization completed in 965 ms
2021-07-12 22:39:45.929 [main] INFO  com.zaxxer.hikari.HikariDataSource - HikariPool-1 - Starting...
2021-07-12 22:39:46.017 [main] INFO  com.zaxxer.hikari.HikariDataSource - HikariPool-1 - Start completed.
2021-07-12 22:39:46.062 [main] INFO  org.apache.coyote.http11.Http11NioProtocol - Starting ProtocolHandler ["http-nio-8762"]
2021-07-12 22:39:46.075 [main] INFO  o.s.boot.web.embedded.tomcat.TomcatWebServer - Tomcat started on port(s): 8762 (http) with context path ''
2021-07-12 22:39:46.083 [main] INFO  com.example.crmgo.CrmgoApplication - Started CrmgoApplication in 2.238 seconds (JVM running for 3.286)
2021-07-12 22:40:31.199 [main] INFO  com.example.crmgo.CrmgoApplication - Starting CrmgoApplication using Java 1.8.0_251 on DESKTOP-DGCHB3I with PID 83900 (D:\Documents\java_practice_demo\CRMGO\target\classes started by nantian in D:\Documents\java_practice_demo\CRMGO)
2021-07-12 22:40:31.202 [main] INFO  com.example.crmgo.CrmgoApplication - The following profiles are active: dev
2021-07-12 22:40:31.765 [main] INFO  o.s.d.r.config.RepositoryConfigurationDelegate - Bootstrapping Spring Data JDBC repositories in DEFAULT mode.
2021-07-12 22:40:31.775 [main] INFO  o.s.d.r.config.RepositoryConfigurationDelegate - Finished Spring Data repository scanning in 7 ms. Found 0 JDBC repository interfaces.
2021-07-12 22:40:32.173 [main] INFO  o.s.boot.web.embedded.tomcat.TomcatWebServer - Tomcat initialized with port(s): 8762 (http)
2021-07-12 22:40:32.180 [main] INFO  org.apache.coyote.http11.Http11NioProtocol - Initializing ProtocolHandler ["http-nio-8762"]
2021-07-12 22:40:32.181 [main] INFO  org.apache.catalina.core.StandardService - Starting service [Tomcat]
2021-07-12 22:40:32.181 [main] INFO  org.apache.catalina.core.StandardEngine - Starting Servlet engine: [Apache Tomcat/9.0.48]
2021-07-12 22:40:32.274 [main] INFO  o.a.c.core.ContainerBase.[Tomcat].[localhost].[/] - Initializing Spring embedded WebApplicationContext
2021-07-12 22:40:32.274 [main] INFO  o.s.b.w.s.c.ServletWebServerApplicationContext - Root WebApplicationContext: initialization completed in 1018 ms
2021-07-12 22:40:32.878 [main] INFO  com.zaxxer.hikari.HikariDataSource - HikariPool-1 - Starting...
2021-07-12 22:40:32.981 [main] INFO  com.zaxxer.hikari.HikariDataSource - HikariPool-1 - Start completed.
2021-07-12 22:40:33.035 [main] INFO  org.apache.coyote.http11.Http11NioProtocol - Starting ProtocolHandler ["http-nio-8762"]
2021-07-12 22:40:33.050 [main] INFO  o.s.boot.web.embedded.tomcat.TomcatWebServer - Tomcat started on port(s): 8762 (http) with context path ''
2021-07-12 22:40:33.058 [main] INFO  com.example.crmgo.CrmgoApplication - Started CrmgoApplication in 2.244 seconds (JVM running for 3.986)
2021-07-12 22:40:53.067 [http-nio-8762-exec-1] INFO  o.a.c.core.ContainerBase.[Tomcat].[localhost].[/] - Initializing Spring DispatcherServlet 'dispatcherServlet'
2021-07-12 22:40:53.067 [http-nio-8762-exec-1] INFO  org.springframework.web.servlet.DispatcherServlet - Initializing Servlet 'dispatcherServlet'
2021-07-12 22:40:53.069 [http-nio-8762-exec-1] INFO  org.springframework.web.servlet.DispatcherServlet - Completed initialization in 1 ms
2021-07-12 22:44:44.907 [SpringApplicationShutdownHook] INFO  com.zaxxer.hikari.HikariDataSource - HikariPool-1 - Shutdown initiated...
2021-07-12 22:44:44.912 [SpringApplicationShutdownHook] INFO  com.zaxxer.hikari.HikariDataSource - HikariPool-1 - Shutdown completed.
2021-07-13 10:17:30.722 [main] INFO  com.example.crmgo.CrmgoApplication - Starting CrmgoApplication using Java 1.8.0_251 on DESKTOP-DGCHB3I with PID 46088 (D:\Documents\java_practice_demo\CRMGO\target\classes started by nantian in D:\Documents\java_practice_demo\CRMGO)
2021-07-13 10:17:30.731 [main] INFO  com.example.crmgo.CrmgoApplication - The following profiles are active: dev
2021-07-13 10:17:31.565 [main] INFO  o.s.d.r.config.RepositoryConfigurationDelegate - Bootstrapping Spring Data JDBC repositories in DEFAULT mode.
2021-07-13 10:17:31.580 [main] INFO  o.s.d.r.config.RepositoryConfigurationDelegate - Finished Spring Data repository scanning in 10 ms. Found 0 JDBC repository interfaces.
2021-07-13 10:17:32.065 [main] INFO  o.s.boot.web.embedded.tomcat.TomcatWebServer - Tomcat initialized with port(s): 8762 (http)
2021-07-13 10:17:32.074 [main] INFO  org.apache.coyote.http11.Http11NioProtocol - Initializing ProtocolHandler ["http-nio-8762"]
2021-07-13 10:17:32.074 [main] INFO  org.apache.catalina.core.StandardService - Starting service [Tomcat]
2021-07-13 10:17:32.074 [main] INFO  org.apache.catalina.core.StandardEngine - Starting Servlet engine: [Apache Tomcat/9.0.48]
2021-07-13 10:17:32.160 [main] INFO  o.a.c.core.ContainerBase.[Tomcat].[localhost].[/] - Initializing Spring embedded WebApplicationContext
2021-07-13 10:17:32.160 [main] INFO  o.s.b.w.s.c.ServletWebServerApplicationContext - Root WebApplicationContext: initialization completed in 1365 ms
2021-07-13 10:17:32.962 [main] INFO  com.zaxxer.hikari.HikariDataSource - HikariPool-1 - Starting...
2021-07-13 10:17:33.125 [main] INFO  com.zaxxer.hikari.HikariDataSource - HikariPool-1 - Start completed.
2021-07-13 10:17:33.203 [main] INFO  org.apache.coyote.http11.Http11NioProtocol - Starting ProtocolHandler ["http-nio-8762"]
2021-07-13 10:17:33.220 [main] INFO  o.s.boot.web.embedded.tomcat.TomcatWebServer - Tomcat started on port(s): 8762 (http) with context path ''
2021-07-13 10:17:33.232 [main] INFO  com.example.crmgo.CrmgoApplication - Started CrmgoApplication in 3.299 seconds (JVM running for 4.514)
2021-07-13 10:17:51.735 [http-nio-8762-exec-1] INFO  o.a.c.core.ContainerBase.[Tomcat].[localhost].[/] - Initializing Spring DispatcherServlet 'dispatcherServlet'
2021-07-13 10:17:51.735 [http-nio-8762-exec-1] INFO  org.springframework.web.servlet.DispatcherServlet - Initializing Servlet 'dispatcherServlet'
2021-07-13 10:17:51.736 [http-nio-8762-exec-1] INFO  org.springframework.web.servlet.DispatcherServlet - Completed initialization in 1 ms
2021-07-13 10:19:47.833 [main] INFO  com.example.crmgo.CrmgoApplication - Starting CrmgoApplication using Java 1.8.0_251 on DESKTOP-DGCHB3I with PID 93996 (D:\Documents\java_practice_demo\CRMGO\target\classes started by nantian in D:\Documents\java_practice_demo\CRMGO)
2021-07-13 10:19:47.837 [main] INFO  com.example.crmgo.CrmgoApplication - The following profiles are active: dev
2021-07-13 10:19:48.699 [main] INFO  o.s.d.r.config.RepositoryConfigurationDelegate - Bootstrapping Spring Data JDBC repositories in DEFAULT mode.
2021-07-13 10:19:48.712 [main] INFO  o.s.d.r.config.RepositoryConfigurationDelegate - Finished Spring Data repository scanning in 8 ms. Found 0 JDBC repository interfaces.
2021-07-13 10:19:49.216 [main] INFO  o.s.boot.web.embedded.tomcat.TomcatWebServer - Tomcat initialized with port(s): 8762 (http)
2021-07-13 10:19:49.226 [main] INFO  org.apache.coyote.http11.Http11NioProtocol - Initializing ProtocolHandler ["http-nio-8762"]
2021-07-13 10:19:49.227 [main] INFO  org.apache.catalina.core.StandardService - Starting service [Tomcat]
2021-07-13 10:19:49.227 [main] INFO  org.apache.catalina.core.StandardEngine - Starting Servlet engine: [Apache Tomcat/9.0.48]
2021-07-13 10:19:49.321 [main] INFO  o.a.c.core.ContainerBase.[Tomcat].[localhost].[/] - Initializing Spring embedded WebApplicationContext
2021-07-13 10:19:49.321 [main] INFO  o.s.b.w.s.c.ServletWebServerApplicationContext - Root WebApplicationContext: initialization completed in 1389 ms
2021-07-13 10:19:50.006 [main] INFO  com.zaxxer.hikari.HikariDataSource - HikariPool-1 - Starting...
2021-07-13 10:19:50.123 [main] INFO  com.zaxxer.hikari.HikariDataSource - HikariPool-1 - Start completed.
2021-07-13 10:19:50.185 [main] INFO  org.apache.coyote.http11.Http11NioProtocol - Starting ProtocolHandler ["http-nio-8762"]
2021-07-13 10:19:50.200 [main] INFO  o.s.boot.web.embedded.tomcat.TomcatWebServer - Tomcat started on port(s): 8762 (http) with context path ''
2021-07-13 10:19:50.210 [main] INFO  com.example.crmgo.CrmgoApplication - Started CrmgoApplication in 3.0 seconds (JVM running for 3.96)
2021-07-13 10:19:52.322 [http-nio-8762-exec-1] INFO  o.a.c.core.ContainerBase.[Tomcat].[localhost].[/] - Initializing Spring DispatcherServlet 'dispatcherServlet'
2021-07-13 10:19:52.323 [http-nio-8762-exec-1] INFO  org.springframework.web.servlet.DispatcherServlet - Initializing Servlet 'dispatcherServlet'
2021-07-13 10:19:52.323 [http-nio-8762-exec-1] INFO  org.springframework.web.servlet.DispatcherServlet - Completed initialization in 0 ms
2021-07-13 10:20:55.309 [main] INFO  com.example.crmgo.CrmgoApplication - Starting CrmgoApplication using Java 1.8.0_251 on DESKTOP-DGCHB3I with PID 19820 (D:\Documents\java_practice_demo\CRMGO\target\classes started by nantian in D:\Documents\java_practice_demo\CRMGO)
2021-07-13 10:20:55.311 [main] INFO  com.example.crmgo.CrmgoApplication - The following profiles are active: dev
2021-07-13 10:20:55.799 [main] INFO  o.s.d.r.config.RepositoryConfigurationDelegate - Bootstrapping Spring Data JDBC repositories in DEFAULT mode.
2021-07-13 10:20:55.810 [main] INFO  o.s.d.r.config.RepositoryConfigurationDelegate - Finished Spring Data repository scanning in 7 ms. Found 0 JDBC repository interfaces.
2021-07-13 10:20:56.121 [main] INFO  o.s.boot.web.embedded.tomcat.TomcatWebServer - Tomcat initialized with port(s): 8762 (http)
2021-07-13 10:20:56.127 [main] INFO  org.apache.coyote.http11.Http11NioProtocol - Initializing ProtocolHandler ["http-nio-8762"]
2021-07-13 10:20:56.128 [main] INFO  org.apache.catalina.core.StandardService - Starting service [Tomcat]
2021-07-13 10:20:56.128 [main] INFO  org.apache.catalina.core.StandardEngine - Starting Servlet engine: [Apache Tomcat/9.0.48]
2021-07-13 10:20:56.192 [main] INFO  o.a.c.core.ContainerBase.[Tomcat].[localhost].[/] - Initializing Spring embedded WebApplicationContext
2021-07-13 10:20:56.192 [main] INFO  o.s.b.w.s.c.ServletWebServerApplicationContext - Root WebApplicationContext: initialization completed in 842 ms
2021-07-13 10:20:56.673 [main] INFO  com.zaxxer.hikari.HikariDataSource - HikariPool-1 - Starting...
2021-07-13 10:20:56.766 [main] INFO  com.zaxxer.hikari.HikariDataSource - HikariPool-1 - Start completed.
2021-07-13 10:20:56.817 [main] INFO  org.apache.coyote.http11.Http11NioProtocol - Starting ProtocolHandler ["http-nio-8762"]
2021-07-13 10:20:56.831 [main] INFO  o.s.boot.web.embedded.tomcat.TomcatWebServer - Tomcat started on port(s): 8762 (http) with context path ''
2021-07-13 10:20:56.840 [main] INFO  com.example.crmgo.CrmgoApplication - Started CrmgoApplication in 1.933 seconds (JVM running for 2.756)
2021-07-13 10:20:59.848 [http-nio-8762-exec-1] INFO  o.a.c.core.ContainerBase.[Tomcat].[localhost].[/] - Initializing Spring DispatcherServlet 'dispatcherServlet'
2021-07-13 10:20:59.849 [http-nio-8762-exec-1] INFO  org.springframework.web.servlet.DispatcherServlet - Initializing Servlet 'dispatcherServlet'
2021-07-13 10:20:59.850 [http-nio-8762-exec-1] INFO  org.springframework.web.servlet.DispatcherServlet - Completed initialization in 1 ms
2021-07-13 10:22:45.555 [main] INFO  com.example.crmgo.CrmgoApplication - Starting CrmgoApplication using Java 1.8.0_251 on DESKTOP-DGCHB3I with PID 77636 (D:\Documents\java_practice_demo\CRMGO\target\classes started by nantian in D:\Documents\java_practice_demo\CRMGO)
2021-07-13 10:22:45.559 [main] INFO  com.example.crmgo.CrmgoApplication - The following profiles are active: dev
2021-07-13 10:22:46.125 [main] INFO  o.s.d.r.config.RepositoryConfigurationDelegate - Bootstrapping Spring Data JDBC repositories in DEFAULT mode.
2021-07-13 10:22:46.135 [main] INFO  o.s.d.r.config.RepositoryConfigurationDelegate - Finished Spring Data repository scanning in 7 ms. Found 0 JDBC repository interfaces.
2021-07-13 10:22:46.504 [main] INFO  o.s.boot.web.embedded.tomcat.TomcatWebServer - Tomcat initialized with port(s): 8762 (http)
2021-07-13 10:22:46.511 [main] INFO  org.apache.coyote.http11.Http11NioProtocol - Initializing ProtocolHandler ["http-nio-8762"]
2021-07-13 10:22:46.511 [main] INFO  org.apache.catalina.core.StandardService - Starting service [Tomcat]
2021-07-13 10:22:46.512 [main] INFO  org.apache.catalina.core.StandardEngine - Starting Servlet engine: [Apache Tomcat/9.0.48]
2021-07-13 10:22:46.587 [main] INFO  o.a.c.core.ContainerBase.[Tomcat].[localhost].[/] - Initializing Spring embedded WebApplicationContext
2021-07-13 10:22:46.587 [main] INFO  o.s.b.w.s.c.ServletWebServerApplicationContext - Root WebApplicationContext: initialization completed in 982 ms
2021-07-13 10:22:47.160 [main] INFO  com.zaxxer.hikari.HikariDataSource - HikariPool-1 - Starting...
2021-07-13 10:22:47.254 [main] INFO  com.zaxxer.hikari.HikariDataSource - HikariPool-1 - Start completed.
2021-07-13 10:22:47.303 [main] INFO  org.apache.coyote.http11.Http11NioProtocol - Starting ProtocolHandler ["http-nio-8762"]
2021-07-13 10:22:47.316 [main] INFO  o.s.boot.web.embedded.tomcat.TomcatWebServer - Tomcat started on port(s): 8762 (http) with context path ''
2021-07-13 10:22:47.326 [main] INFO  com.example.crmgo.CrmgoApplication - Started CrmgoApplication in 2.146 seconds (JVM running for 2.966)
2021-07-13 10:22:50.701 [http-nio-8762-exec-1] INFO  o.a.c.core.ContainerBase.[Tomcat].[localhost].[/] - Initializing Spring DispatcherServlet 'dispatcherServlet'
2021-07-13 10:22:50.701 [http-nio-8762-exec-1] INFO  org.springframework.web.servlet.DispatcherServlet - Initializing Servlet 'dispatcherServlet'
2021-07-13 10:22:50.702 [http-nio-8762-exec-1] INFO  org.springframework.web.servlet.DispatcherServlet - Completed initialization in 1 ms
2021-07-13 10:23:21.443 [main] INFO  com.example.crmgo.CrmgoApplication - Starting CrmgoApplication using Java 1.8.0_251 on DESKTOP-DGCHB3I with PID 75640 (D:\Documents\java_practice_demo\CRMGO\target\classes started by nantian in D:\Documents\java_practice_demo\CRMGO)
2021-07-13 10:23:21.445 [main] INFO  com.example.crmgo.CrmgoApplication - The following profiles are active: dev
2021-07-13 10:23:21.964 [main] INFO  o.s.d.r.config.RepositoryConfigurationDelegate - Bootstrapping Spring Data JDBC repositories in DEFAULT mode.
2021-07-13 10:23:21.974 [main] INFO  o.s.d.r.config.RepositoryConfigurationDelegate - Finished Spring Data repository scanning in 6 ms. Found 0 JDBC repository interfaces.
2021-07-13 10:23:22.334 [main] INFO  o.s.boot.web.embedded.tomcat.TomcatWebServer - Tomcat initialized with port(s): 8762 (http)
2021-07-13 10:23:22.341 [main] INFO  org.apache.coyote.http11.Http11NioProtocol - Initializing ProtocolHandler ["http-nio-8762"]
2021-07-13 10:23:22.342 [main] INFO  org.apache.catalina.core.StandardService - Starting service [Tomcat]
2021-07-13 10:23:22.342 [main] INFO  org.apache.catalina.core.StandardEngine - Starting Servlet engine: [Apache Tomcat/9.0.48]
2021-07-13 10:23:22.408 [main] INFO  o.a.c.core.ContainerBase.[Tomcat].[localhost].[/] - Initializing Spring embedded WebApplicationContext
2021-07-13 10:23:22.408 [main] INFO  o.s.b.w.s.c.ServletWebServerApplicationContext - Root WebApplicationContext: initialization completed in 916 ms
2021-07-13 10:23:23.007 [main] INFO  com.zaxxer.hikari.HikariDataSource - HikariPool-1 - Starting...
2021-07-13 10:23:23.105 [main] INFO  com.zaxxer.hikari.HikariDataSource - HikariPool-1 - Start completed.
2021-07-13 10:23:23.152 [main] INFO  org.apache.coyote.http11.Http11NioProtocol - Starting ProtocolHandler ["http-nio-8762"]
2021-07-13 10:23:23.165 [main] INFO  o.s.boot.web.embedded.tomcat.TomcatWebServer - Tomcat started on port(s): 8762 (http) with context path ''
2021-07-13 10:23:23.174 [main] INFO  com.example.crmgo.CrmgoApplication - Started CrmgoApplication in 2.09 seconds (JVM running for 4.062)
2021-07-13 10:23:26.436 [http-nio-8762-exec-1] INFO  o.a.c.core.ContainerBase.[Tomcat].[localhost].[/] - Initializing Spring DispatcherServlet 'dispatcherServlet'
2021-07-13 10:23:26.437 [http-nio-8762-exec-1] INFO  org.springframework.web.servlet.DispatcherServlet - Initializing Servlet 'dispatcherServlet'
2021-07-13 10:23:26.437 [http-nio-8762-exec-1] INFO  org.springframework.web.servlet.DispatcherServlet - Completed initialization in 0 ms
2021-07-13 10:23:49.480 [SpringApplicationShutdownHook] INFO  com.zaxxer.hikari.HikariDataSource - HikariPool-1 - Shutdown initiated...
2021-07-13 10:23:49.485 [SpringApplicationShutdownHook] INFO  com.zaxxer.hikari.HikariDataSource - HikariPool-1 - Shutdown completed.
2021-07-13 10:25:15.876 [main] INFO  com.example.crmgo.CrmgoApplication - Starting CrmgoApplication using Java 1.8.0_251 on DESKTOP-DGCHB3I with PID 108848 (D:\Documents\java_practice_demo\CRMGO\target\classes started by nantian in D:\Documents\java_practice_demo\CRMGO)
2021-07-13 10:25:15.878 [main] INFO  com.example.crmgo.CrmgoApplication - The following profiles are active: dev
2021-07-13 10:25:16.354 [main] INFO  o.s.d.r.config.RepositoryConfigurationDelegate - Bootstrapping Spring Data JDBC repositories in DEFAULT mode.
2021-07-13 10:25:16.362 [main] INFO  o.s.d.r.config.RepositoryConfigurationDelegate - Finished Spring Data repository scanning in 5 ms. Found 0 JDBC repository interfaces.
2021-07-13 10:25:16.667 [main] INFO  o.s.boot.web.embedded.tomcat.TomcatWebServer - Tomcat initialized with port(s): 8762 (http)
2021-07-13 10:25:16.673 [main] INFO  org.apache.coyote.http11.Http11NioProtocol - Initializing ProtocolHandler ["http-nio-8762"]
2021-07-13 10:25:16.674 [main] INFO  org.apache.catalina.core.StandardService - Starting service [Tomcat]
2021-07-13 10:25:16.674 [main] INFO  org.apache.catalina.core.StandardEngine - Starting Servlet engine: [Apache Tomcat/9.0.48]
2021-07-13 10:25:16.735 [main] INFO  o.a.c.core.ContainerBase.[Tomcat].[localhost].[/] - Initializing Spring embedded WebApplicationContext
2021-07-13 10:25:16.735 [main] INFO  o.s.b.w.s.c.ServletWebServerApplicationContext - Root WebApplicationContext: initialization completed in 807 ms
2021-07-13 10:25:17.248 [main] INFO  com.zaxxer.hikari.HikariDataSource - HikariPool-1 - Starting...
2021-07-13 10:25:17.347 [main] INFO  com.zaxxer.hikari.HikariDataSource - HikariPool-1 - Start completed.
2021-07-13 10:25:17.391 [main] INFO  org.apache.coyote.http11.Http11NioProtocol - Starting ProtocolHandler ["http-nio-8762"]
2021-07-13 10:25:17.402 [main] INFO  o.s.boot.web.embedded.tomcat.TomcatWebServer - Tomcat started on port(s): 8762 (http) with context path ''
2021-07-13 10:25:17.409 [main] INFO  com.example.crmgo.CrmgoApplication - Started CrmgoApplication in 1.928 seconds (JVM running for 2.738)
2021-07-13 10:25:26.068 [http-nio-8762-exec-1] INFO  o.a.c.core.ContainerBase.[Tomcat].[localhost].[/] - Initializing Spring DispatcherServlet 'dispatcherServlet'
2021-07-13 10:25:26.068 [http-nio-8762-exec-1] INFO  org.springframework.web.servlet.DispatcherServlet - Initializing Servlet 'dispatcherServlet'
2021-07-13 10:25:26.069 [http-nio-8762-exec-1] INFO  org.springframework.web.servlet.DispatcherServlet - Completed initialization in 1 ms
2021-07-13 10:32:02.564 [main] INFO  com.example.crmgo.CrmgoApplication - Starting CrmgoApplication using Java 1.8.0_251 on DESKTOP-DGCHB3I with PID 68624 (D:\Documents\java_practice_demo\CRMGO\target\classes started by nantian in D:\Documents\java_practice_demo\CRMGO)
2021-07-13 10:32:02.566 [main] INFO  com.example.crmgo.CrmgoApplication - The following profiles are active: dev
2021-07-13 10:32:03.152 [main] INFO  o.s.d.r.config.RepositoryConfigurationDelegate - Bootstrapping Spring Data JDBC repositories in DEFAULT mode.
2021-07-13 10:32:03.160 [main] INFO  o.s.d.r.config.RepositoryConfigurationDelegate - Finished Spring Data repository scanning in 5 ms. Found 0 JDBC repository interfaces.
2021-07-13 10:32:03.482 [main] INFO  o.s.boot.web.embedded.tomcat.TomcatWebServer - Tomcat initialized with port(s): 8762 (http)
2021-07-13 10:32:03.489 [main] INFO  org.apache.coyote.http11.Http11NioProtocol - Initializing ProtocolHandler ["http-nio-8762"]
2021-07-13 10:32:03.490 [main] INFO  org.apache.catalina.core.StandardService - Starting service [Tomcat]
2021-07-13 10:32:03.490 [main] INFO  org.apache.catalina.core.StandardEngine - Starting Servlet engine: [Apache Tomcat/9.0.48]
2021-07-13 10:32:03.558 [main] INFO  o.a.c.core.ContainerBase.[Tomcat].[localhost].[/] - Initializing Spring embedded WebApplicationContext
2021-07-13 10:32:03.558 [main] INFO  o.s.b.w.s.c.ServletWebServerApplicationContext - Root WebApplicationContext: initialization completed in 942 ms
2021-07-13 10:32:04.058 [main] INFO  com.zaxxer.hikari.HikariDataSource - HikariPool-1 - Starting...
2021-07-13 10:32:04.164 [main] INFO  com.zaxxer.hikari.HikariDataSource - HikariPool-1 - Start completed.
2021-07-13 10:32:04.212 [main] INFO  org.apache.coyote.http11.Http11NioProtocol - Starting ProtocolHandler ["http-nio-8762"]
2021-07-13 10:32:04.225 [main] INFO  o.s.boot.web.embedded.tomcat.TomcatWebServer - Tomcat started on port(s): 8762 (http) with context path ''
2021-07-13 10:32:04.233 [main] INFO  com.example.crmgo.CrmgoApplication - Started CrmgoApplication in 2.102 seconds (JVM running for 3.1)
2021-07-13 10:32:09.015 [http-nio-8762-exec-1] INFO  o.a.c.core.ContainerBase.[Tomcat].[localhost].[/] - Initializing Spring DispatcherServlet 'dispatcherServlet'
2021-07-13 10:32:09.016 [http-nio-8762-exec-1] INFO  org.springframework.web.servlet.DispatcherServlet - Initializing Servlet 'dispatcherServlet'
2021-07-13 10:32:09.017 [http-nio-8762-exec-1] INFO  org.springframework.web.servlet.DispatcherServlet - Completed initialization in 0 ms
2021-07-13 10:33:49.793 [main] INFO  com.example.crmgo.CrmgoApplication - Starting CrmgoApplication using Java 1.8.0_251 on DESKTOP-DGCHB3I with PID 110332 (D:\Documents\java_practice_demo\CRMGO\target\classes started by nantian in D:\Documents\java_practice_demo\CRMGO)
2021-07-13 10:33:49.796 [main] INFO  com.example.crmgo.CrmgoApplication - The following profiles are active: dev
2021-07-13 10:33:50.309 [main] INFO  o.s.d.r.config.RepositoryConfigurationDelegate - Bootstrapping Spring Data JDBC repositories in DEFAULT mode.
2021-07-13 10:33:50.320 [main] INFO  o.s.d.r.config.RepositoryConfigurationDelegate - Finished Spring Data repository scanning in 8 ms. Found 0 JDBC repository interfaces.
2021-07-13 10:33:50.672 [main] INFO  o.s.boot.web.embedded.tomcat.TomcatWebServer - Tomcat initialized with port(s): 8762 (http)
2021-07-13 10:33:50.678 [main] INFO  org.apache.coyote.http11.Http11NioProtocol - Initializing ProtocolHandler ["http-nio-8762"]
2021-07-13 10:33:50.678 [main] INFO  org.apache.catalina.core.StandardService - Starting service [Tomcat]
2021-07-13 10:33:50.679 [main] INFO  org.apache.catalina.core.StandardEngine - Starting Servlet engine: [Apache Tomcat/9.0.48]
2021-07-13 10:33:50.742 [main] INFO  o.a.c.core.ContainerBase.[Tomcat].[localhost].[/] - Initializing Spring embedded WebApplicationContext
2021-07-13 10:33:50.742 [main] INFO  o.s.b.w.s.c.ServletWebServerApplicationContext - Root WebApplicationContext: initialization completed in 894 ms
2021-07-13 10:33:51.196 [main] INFO  com.zaxxer.hikari.HikariDataSource - HikariPool-1 - Starting...
2021-07-13 10:33:51.287 [main] INFO  com.zaxxer.hikari.HikariDataSource - HikariPool-1 - Start completed.
2021-07-13 10:33:51.329 [main] INFO  org.apache.coyote.http11.Http11NioProtocol - Starting ProtocolHandler ["http-nio-8762"]
2021-07-13 10:33:51.340 [main] INFO  o.s.boot.web.embedded.tomcat.TomcatWebServer - Tomcat started on port(s): 8762 (http) with context path ''
2021-07-13 10:33:51.348 [main] INFO  com.example.crmgo.CrmgoApplication - Started CrmgoApplication in 2.019 seconds (JVM running for 2.839)
2021-07-13 10:33:54.080 [http-nio-8762-exec-1] INFO  o.a.c.core.ContainerBase.[Tomcat].[localhost].[/] - Initializing Spring DispatcherServlet 'dispatcherServlet'
2021-07-13 10:33:54.081 [http-nio-8762-exec-1] INFO  org.springframework.web.servlet.DispatcherServlet - Initializing Servlet 'dispatcherServlet'
2021-07-13 10:33:54.082 [http-nio-8762-exec-1] INFO  org.springframework.web.servlet.DispatcherServlet - Completed initialization in 1 ms
2021-07-13 10:34:34.889 [main] INFO  com.example.crmgo.CrmgoApplication - Starting CrmgoApplication using Java 1.8.0_251 on DESKTOP-DGCHB3I with PID 61648 (D:\Documents\java_practice_demo\CRMGO\target\classes started by nantian in D:\Documents\java_practice_demo\CRMGO)
2021-07-13 10:34:34.891 [main] INFO  com.example.crmgo.CrmgoApplication - The following profiles are active: dev
2021-07-13 10:34:35.414 [main] INFO  o.s.d.r.config.RepositoryConfigurationDelegate - Bootstrapping Spring Data JDBC repositories in DEFAULT mode.
2021-07-13 10:34:35.422 [main] INFO  o.s.d.r.config.RepositoryConfigurationDelegate - Finished Spring Data repository scanning in 5 ms. Found 0 JDBC repository interfaces.
2021-07-13 10:34:35.726 [main] INFO  o.s.boot.web.embedded.tomcat.TomcatWebServer - Tomcat initialized with port(s): 8762 (http)
2021-07-13 10:34:35.732 [main] INFO  org.apache.coyote.http11.Http11NioProtocol - Initializing ProtocolHandler ["http-nio-8762"]
2021-07-13 10:34:35.733 [main] INFO  org.apache.catalina.core.StandardService - Starting service [Tomcat]
2021-07-13 10:34:35.733 [main] INFO  org.apache.catalina.core.StandardEngine - Starting Servlet engine: [Apache Tomcat/9.0.48]
2021-07-13 10:34:35.795 [main] INFO  o.a.c.core.ContainerBase.[Tomcat].[localhost].[/] - Initializing Spring embedded WebApplicationContext
2021-07-13 10:34:35.795 [main] INFO  o.s.b.w.s.c.ServletWebServerApplicationContext - Root WebApplicationContext: initialization completed in 866 ms
2021-07-13 10:34:36.286 [main] INFO  com.zaxxer.hikari.HikariDataSource - HikariPool-1 - Starting...
2021-07-13 10:34:36.370 [main] INFO  com.zaxxer.hikari.HikariDataSource - HikariPool-1 - Start completed.
2021-07-13 10:34:36.412 [main] INFO  org.apache.coyote.http11.Http11NioProtocol - Starting ProtocolHandler ["http-nio-8762"]
2021-07-13 10:34:36.423 [main] INFO  o.s.boot.web.embedded.tomcat.TomcatWebServer - Tomcat started on port(s): 8762 (http) with context path ''
2021-07-13 10:34:36.431 [main] INFO  com.example.crmgo.CrmgoApplication - Started CrmgoApplication in 1.916 seconds (JVM running for 2.728)
2021-07-13 10:34:39.245 [http-nio-8762-exec-1] INFO  o.a.c.core.ContainerBase.[Tomcat].[localhost].[/] - Initializing Spring DispatcherServlet 'dispatcherServlet'
2021-07-13 10:34:39.246 [http-nio-8762-exec-1] INFO  org.springframework.web.servlet.DispatcherServlet - Initializing Servlet 'dispatcherServlet'
2021-07-13 10:34:39.248 [http-nio-8762-exec-1] INFO  org.springframework.web.servlet.DispatcherServlet - Completed initialization in 2 ms
2021-07-13 10:36:35.039 [main] INFO  com.example.crmgo.CrmgoApplication - Starting CrmgoApplication using Java 1.8.0_251 on DESKTOP-DGCHB3I with PID 122488 (D:\Documents\java_practice_demo\CRMGO\target\classes started by nantian in D:\Documents\java_practice_demo\CRMGO)
2021-07-13 10:36:35.042 [main] INFO  com.example.crmgo.CrmgoApplication - The following profiles are active: dev
2021-07-13 10:36:35.579 [main] INFO  o.s.d.r.config.RepositoryConfigurationDelegate - Bootstrapping Spring Data JDBC repositories in DEFAULT mode.
2021-07-13 10:36:35.589 [main] INFO  o.s.d.r.config.RepositoryConfigurationDelegate - Finished Spring Data repository scanning in 6 ms. Found 0 JDBC repository interfaces.
2021-07-13 10:36:35.887 [main] INFO  o.s.boot.web.embedded.tomcat.TomcatWebServer - Tomcat initialized with port(s): 8762 (http)
2021-07-13 10:36:35.891 [main] INFO  org.apache.coyote.http11.Http11NioProtocol - Initializing ProtocolHandler ["http-nio-8762"]
2021-07-13 10:36:35.893 [main] INFO  org.apache.catalina.core.StandardService - Starting service [Tomcat]
2021-07-13 10:36:35.893 [main] INFO  org.apache.catalina.core.StandardEngine - Starting Servlet engine: [Apache Tomcat/9.0.48]
2021-07-13 10:36:35.956 [main] INFO  o.a.c.core.ContainerBase.[Tomcat].[localhost].[/] - Initializing Spring embedded WebApplicationContext
2021-07-13 10:36:35.956 [main] INFO  o.s.b.w.s.c.ServletWebServerApplicationContext - Root WebApplicationContext: initialization completed in 871 ms
2021-07-13 10:36:36.505 [main] INFO  com.zaxxer.hikari.HikariDataSource - HikariPool-1 - Starting...
2021-07-13 10:36:36.590 [main] INFO  com.zaxxer.hikari.HikariDataSource - HikariPool-1 - Start completed.
2021-07-13 10:36:36.631 [main] INFO  org.apache.coyote.http11.Http11NioProtocol - Starting ProtocolHandler ["http-nio-8762"]
2021-07-13 10:36:36.641 [main] INFO  o.s.boot.web.embedded.tomcat.TomcatWebServer - Tomcat started on port(s): 8762 (http) with context path ''
2021-07-13 10:36:36.650 [main] INFO  com.example.crmgo.CrmgoApplication - Started CrmgoApplication in 2.021 seconds (JVM running for 2.828)
2021-07-13 10:36:39.015 [http-nio-8762-exec-1] INFO  o.a.c.core.ContainerBase.[Tomcat].[localhost].[/] - Initializing Spring DispatcherServlet 'dispatcherServlet'
2021-07-13 10:36:39.015 [http-nio-8762-exec-1] INFO  org.springframework.web.servlet.DispatcherServlet - Initializing Servlet 'dispatcherServlet'
2021-07-13 10:36:39.016 [http-nio-8762-exec-1] INFO  org.springframework.web.servlet.DispatcherServlet - Completed initialization in 1 ms
2021-07-13 10:37:46.673 [main] INFO  com.example.crmgo.CrmgoApplication - Starting CrmgoApplication using Java 1.8.0_251 on DESKTOP-DGCHB3I with PID 10556 (D:\Documents\java_practice_demo\CRMGO\target\classes started by nantian in D:\Documents\java_practice_demo\CRMGO)
2021-07-13 10:37:46.677 [main] INFO  com.example.crmgo.CrmgoApplication - The following profiles are active: dev
2021-07-13 10:37:47.519 [main] INFO  o.s.d.r.config.RepositoryConfigurationDelegate - Bootstrapping Spring Data JDBC repositories in DEFAULT mode.
2021-07-13 10:37:47.535 [main] INFO  o.s.d.r.config.RepositoryConfigurationDelegate - Finished Spring Data repository scanning in 9 ms. Found 0 JDBC repository interfaces.
2021-07-13 10:37:47.990 [main] INFO  o.s.boot.web.embedded.tomcat.TomcatWebServer - Tomcat initialized with port(s): 8762 (http)
2021-07-13 10:37:47.998 [main] INFO  org.apache.coyote.http11.Http11NioProtocol - Initializing ProtocolHandler ["http-nio-8762"]
2021-07-13 10:37:47.999 [main] INFO  org.apache.catalina.core.StandardService - Starting service [Tomcat]
2021-07-13 10:37:47.999 [main] INFO  org.apache.catalina.core.StandardEngine - Starting Servlet engine: [Apache Tomcat/9.0.48]
2021-07-13 10:37:48.087 [main] INFO  o.a.c.core.ContainerBase.[Tomcat].[localhost].[/] - Initializing Spring embedded WebApplicationContext
2021-07-13 10:37:48.087 [main] INFO  o.s.b.w.s.c.ServletWebServerApplicationContext - Root WebApplicationContext: initialization completed in 1328 ms
2021-07-13 10:37:48.709 [main] INFO  com.zaxxer.hikari.HikariDataSource - HikariPool-1 - Starting...
2021-07-13 10:37:48.808 [main] INFO  com.zaxxer.hikari.HikariDataSource - HikariPool-1 - Start completed.
2021-07-13 10:37:48.861 [main] INFO  org.apache.coyote.http11.Http11NioProtocol - Starting ProtocolHandler ["http-nio-8762"]
2021-07-13 10:37:48.874 [main] INFO  o.s.boot.web.embedded.tomcat.TomcatWebServer - Tomcat started on port(s): 8762 (http) with context path ''
2021-07-13 10:37:48.883 [main] INFO  com.example.crmgo.CrmgoApplication - Started CrmgoApplication in 2.785 seconds (JVM running for 3.649)
2021-07-13 10:37:54.942 [http-nio-8762-exec-1] INFO  o.a.c.core.ContainerBase.[Tomcat].[localhost].[/] - Initializing Spring DispatcherServlet 'dispatcherServlet'
2021-07-13 10:37:54.942 [http-nio-8762-exec-1] INFO  org.springframework.web.servlet.DispatcherServlet - Initializing Servlet 'dispatcherServlet'
2021-07-13 10:37:54.943 [http-nio-8762-exec-1] INFO  org.springframework.web.servlet.DispatcherServlet - Completed initialization in 0 ms
2021-07-13 10:37:54.957 [http-nio-8762-exec-1] INFO  com.example.crmgo.register.controller.Test - 拦截器失效
2021-07-13 10:46:14.013 [main] INFO  com.example.crmgo.CrmgoApplication - Starting CrmgoApplication using Java 1.8.0_251 on DESKTOP-DGCHB3I with PID 59464 (D:\Documents\java_practice_demo\CRMGO\target\classes started by nantian in D:\Documents\java_practice_demo\CRMGO)
2021-07-13 10:46:14.015 [main] INFO  com.example.crmgo.CrmgoApplication - The following profiles are active: dev
2021-07-13 10:46:14.516 [main] INFO  o.s.d.r.config.RepositoryConfigurationDelegate - Bootstrapping Spring Data JDBC repositories in DEFAULT mode.
2021-07-13 10:46:14.524 [main] INFO  o.s.d.r.config.RepositoryConfigurationDelegate - Finished Spring Data repository scanning in 5 ms. Found 0 JDBC repository interfaces.
2021-07-13 10:46:14.840 [main] INFO  o.s.boot.web.embedded.tomcat.TomcatWebServer - Tomcat initialized with port(s): 8762 (http)
2021-07-13 10:46:14.847 [main] INFO  org.apache.coyote.http11.Http11NioProtocol - Initializing ProtocolHandler ["http-nio-8762"]
2021-07-13 10:46:14.847 [main] INFO  org.apache.catalina.core.StandardService - Starting service [Tomcat]
2021-07-13 10:46:14.848 [main] INFO  org.apache.catalina.core.StandardEngine - Starting Servlet engine: [Apache Tomcat/9.0.48]
2021-07-13 10:46:14.912 [main] INFO  o.a.c.core.ContainerBase.[Tomcat].[localhost].[/] - Initializing Spring embedded WebApplicationContext
2021-07-13 10:46:14.912 [main] INFO  o.s.b.w.s.c.ServletWebServerApplicationContext - Root WebApplicationContext: initialization completed in 850 ms
2021-07-13 10:46:15.400 [main] INFO  com.zaxxer.hikari.HikariDataSource - HikariPool-1 - Starting...
2021-07-13 10:46:15.501 [main] INFO  com.zaxxer.hikari.HikariDataSource - HikariPool-1 - Start completed.
2021-07-13 10:46:15.543 [main] INFO  org.apache.coyote.http11.Http11NioProtocol - Starting ProtocolHandler ["http-nio-8762"]
2021-07-13 10:46:15.557 [main] INFO  o.s.boot.web.embedded.tomcat.TomcatWebServer - Tomcat started on port(s): 8762 (http) with context path ''
2021-07-13 10:46:15.566 [main] INFO  com.example.crmgo.CrmgoApplication - Started CrmgoApplication in 1.936 seconds (JVM running for 2.755)
2021-07-13 10:46:19.434 [http-nio-8762-exec-1] INFO  o.a.c.core.ContainerBase.[Tomcat].[localhost].[/] - Initializing Spring DispatcherServlet 'dispatcherServlet'
2021-07-13 10:46:19.434 [http-nio-8762-exec-1] INFO  org.springframework.web.servlet.DispatcherServlet - Initializing Servlet 'dispatcherServlet'
2021-07-13 10:46:19.435 [http-nio-8762-exec-1] INFO  org.springframework.web.servlet.DispatcherServlet - Completed initialization in 1 ms
2021-07-13 10:46:24.054 [http-nio-8762-exec-2] INFO  com.example.crmgo.register.controller.Test - 拦截器失效
2021-07-13 10:49:50.436 [http-nio-8762-exec-6] INFO  com.example.crmgo.register.controller.Test - 拦截器失效
2021-07-13 10:50:19.700 [main] INFO  com.example.crmgo.CrmgoApplication - Starting CrmgoApplication using Java 1.8.0_251 on DESKTOP-DGCHB3I with PID 20756 (D:\Documents\java_practice_demo\CRMGO\target\classes started by nantian in D:\Documents\java_practice_demo\CRMGO)
2021-07-13 10:50:19.702 [main] INFO  com.example.crmgo.CrmgoApplication - The following profiles are active: dev
2021-07-13 10:50:20.310 [main] INFO  o.s.d.r.config.RepositoryConfigurationDelegate - Bootstrapping Spring Data JDBC repositories in DEFAULT mode.
2021-07-13 10:50:20.319 [main] INFO  o.s.d.r.config.RepositoryConfigurationDelegate - Finished Spring Data repository scanning in 5 ms. Found 0 JDBC repository interfaces.
2021-07-13 10:50:20.618 [main] INFO  o.s.boot.web.embedded.tomcat.TomcatWebServer - Tomcat initialized with port(s): 8762 (http)
2021-07-13 10:50:20.624 [main] INFO  org.apache.coyote.http11.Http11NioProtocol - Initializing ProtocolHandler ["http-nio-8762"]
2021-07-13 10:50:20.625 [main] INFO  org.apache.catalina.core.StandardService - Starting service [Tomcat]
2021-07-13 10:50:20.625 [main] INFO  org.apache.catalina.core.StandardEngine - Starting Servlet engine: [Apache Tomcat/9.0.48]
2021-07-13 10:50:20.690 [main] INFO  o.a.c.core.ContainerBase.[Tomcat].[localhost].[/] - Initializing Spring embedded WebApplicationContext
2021-07-13 10:50:20.690 [main] INFO  o.s.b.w.s.c.ServletWebServerApplicationContext - Root WebApplicationContext: initialization completed in 945 ms
2021-07-13 10:50:21.232 [main] INFO  com.zaxxer.hikari.HikariDataSource - HikariPool-1 - Starting...
2021-07-13 10:50:21.319 [main] INFO  com.zaxxer.hikari.HikariDataSource - HikariPool-1 - Start completed.
2021-07-13 10:50:21.361 [main] INFO  org.apache.coyote.http11.Http11NioProtocol - Starting ProtocolHandler ["http-nio-8762"]
2021-07-13 10:50:21.373 [main] INFO  o.s.boot.web.embedded.tomcat.TomcatWebServer - Tomcat started on port(s): 8762 (http) with context path ''
2021-07-13 10:50:21.382 [main] INFO  com.example.crmgo.CrmgoApplication - Started CrmgoApplication in 2.081 seconds (JVM running for 2.953)
2021-07-13 10:50:23.103 [http-nio-8762-exec-1] INFO  o.a.c.core.ContainerBase.[Tomcat].[localhost].[/] - Initializing Spring DispatcherServlet 'dispatcherServlet'
2021-07-13 10:50:23.103 [http-nio-8762-exec-1] INFO  org.springframework.web.servlet.DispatcherServlet - Initializing Servlet 'dispatcherServlet'
2021-07-13 10:50:23.104 [http-nio-8762-exec-1] INFO  org.springframework.web.servlet.DispatcherServlet - Completed initialization in 1 ms
2021-07-13 19:55:58.318 [main] INFO  com.example.crmgo.CrmgoApplication - Starting CrmgoApplication using Java 1.8.0_251 on DESKTOP-DGCHB3I with PID 41044 (D:\Documents\java_practice_demo\CRMGO\target\classes started by nantian in D:\Documents\java_practice_demo\CRMGO)
2021-07-13 19:55:58.320 [main] INFO  com.example.crmgo.CrmgoApplication - The following profiles are active: dev
2021-07-13 19:55:58.835 [main] INFO  o.s.d.r.config.RepositoryConfigurationDelegate - Bootstrapping Spring Data JDBC repositories in DEFAULT mode.
2021-07-13 19:55:58.846 [main] INFO  o.s.d.r.config.RepositoryConfigurationDelegate - Finished Spring Data repository scanning in 7 ms. Found 0 JDBC repository interfaces.
2021-07-13 19:55:59.191 [main] INFO  o.s.boot.web.embedded.tomcat.TomcatWebServer - Tomcat initialized with port(s): 8762 (http)
2021-07-13 19:55:59.197 [main] INFO  org.apache.coyote.http11.Http11NioProtocol - Initializing ProtocolHandler ["http-nio-8762"]
2021-07-13 19:55:59.197 [main] INFO  org.apache.catalina.core.StandardService - Starting service [Tomcat]
2021-07-13 19:55:59.198 [main] INFO  org.apache.catalina.core.StandardEngine - Starting Servlet engine: [Apache Tomcat/9.0.48]
2021-07-13 19:55:59.268 [main] INFO  o.a.c.core.ContainerBase.[Tomcat].[localhost].[/] - Initializing Spring embedded WebApplicationContext
2021-07-13 19:55:59.268 [main] INFO  o.s.b.w.s.c.ServletWebServerApplicationContext - Root WebApplicationContext: initialization completed in 898 ms
2021-07-13 19:55:59.874 [main] INFO  com.zaxxer.hikari.HikariDataSource - HikariPool-1 - Starting...
2021-07-13 19:56:00.029 [main] INFO  com.zaxxer.hikari.HikariDataSource - HikariPool-1 - Start completed.
2021-07-13 19:56:00.091 [main] INFO  org.apache.coyote.http11.Http11NioProtocol - Starting ProtocolHandler ["http-nio-8762"]
2021-07-13 19:56:00.104 [main] INFO  o.s.boot.web.embedded.tomcat.TomcatWebServer - Tomcat started on port(s): 8762 (http) with context path ''
2021-07-13 19:56:00.113 [main] INFO  com.example.crmgo.CrmgoApplication - Started CrmgoApplication in 2.247 seconds (JVM running for 3.132)
2021-07-13 20:15:01.305 [http-nio-8762-exec-1] INFO  o.a.c.core.ContainerBase.[Tomcat].[localhost].[/] - Initializing Spring DispatcherServlet 'dispatcherServlet'
2021-07-13 20:15:01.305 [http-nio-8762-exec-1] INFO  org.springframework.web.servlet.DispatcherServlet - Initializing Servlet 'dispatcherServlet'
2021-07-13 20:15:01.314 [http-nio-8762-exec-1] INFO  org.springframework.web.servlet.DispatcherServlet - Completed initialization in 9 ms
2021-07-13 20:20:40.187 [main] INFO  com.example.crmgo.CrmgoApplication - Starting CrmgoApplication using Java 1.8.0_251 on DESKTOP-DGCHB3I with PID 9752 (D:\Documents\java_practice_demo\CRMGO\target\classes started by nantian in D:\Documents\java_practice_demo\CRMGO)
2021-07-13 20:20:40.189 [main] INFO  com.example.crmgo.CrmgoApplication - The following profiles are active: dev
2021-07-13 20:20:40.696 [main] INFO  o.s.d.r.config.RepositoryConfigurationDelegate - Bootstrapping Spring Data JDBC repositories in DEFAULT mode.
2021-07-13 20:20:40.708 [main] INFO  o.s.d.r.config.RepositoryConfigurationDelegate - Finished Spring Data repository scanning in 8 ms. Found 0 JDBC repository interfaces.
2021-07-13 20:20:41.023 [main] INFO  o.s.boot.web.embedded.tomcat.TomcatWebServer - Tomcat initialized with port(s): 8762 (http)
2021-07-13 20:20:41.030 [main] INFO  org.apache.coyote.http11.Http11NioProtocol - Initializing ProtocolHandler ["http-nio-8762"]
2021-07-13 20:20:41.031 [main] INFO  org.apache.catalina.core.StandardService - Starting service [Tomcat]
2021-07-13 20:20:41.031 [main] INFO  org.apache.catalina.core.StandardEngine - Starting Servlet engine: [Apache Tomcat/9.0.48]
2021-07-13 20:20:41.100 [main] INFO  o.a.c.core.ContainerBase.[Tomcat].[localhost].[/] - Initializing Spring embedded WebApplicationContext
2021-07-13 20:20:41.100 [main] INFO  o.s.b.w.s.c.ServletWebServerApplicationContext - Root WebApplicationContext: initialization completed in 866 ms
2021-07-13 20:20:41.623 [main] INFO  com.zaxxer.hikari.HikariDataSource - HikariPool-1 - Starting...
2021-07-13 20:20:41.721 [main] INFO  com.zaxxer.hikari.HikariDataSource - HikariPool-1 - Start completed.
2021-07-13 20:20:41.765 [main] INFO  org.apache.coyote.http11.Http11NioProtocol - Starting ProtocolHandler ["http-nio-8762"]
2021-07-13 20:20:41.776 [main] INFO  o.s.boot.web.embedded.tomcat.TomcatWebServer - Tomcat started on port(s): 8762 (http) with context path ''
2021-07-13 20:20:41.783 [main] INFO  com.example.crmgo.CrmgoApplication - Started CrmgoApplication in 1.965 seconds (JVM running for 2.762)
2021-07-13 20:21:38.017 [http-nio-8762-exec-1] INFO  o.a.c.core.ContainerBase.[Tomcat].[localhost].[/] - Initializing Spring DispatcherServlet 'dispatcherServlet'
2021-07-13 20:21:38.017 [http-nio-8762-exec-1] INFO  org.springframework.web.servlet.DispatcherServlet - Initializing Servlet 'dispatcherServlet'
2021-07-13 20:21:38.018 [http-nio-8762-exec-1] INFO  org.springframework.web.servlet.DispatcherServlet - Completed initialization in 1 ms
2021-07-13 21:09:04.045 [http-nio-8762-exec-1] INFO  c.e.c.register.service.impl.RegisterServiceImpl - 输入的户名、密码不能为空,customerId#、password#
2021-07-13 21:11:54.089 [http-nio-8762-exec-3] INFO  c.e.c.register.service.impl.RegisterServiceImpl - 输入的户名、密码不能为空,customerId#123、password#
2021-07-13 21:13:43.239 [main] INFO  com.example.crmgo.CrmgoApplication - Starting CrmgoApplication using Java 1.8.0_251 on DESKTOP-DGCHB3I with PID 102604 (D:\Documents\java_practice_demo\CRMGO\target\classes started by nantian in D:\Documents\java_practice_demo\CRMGO)
2021-07-13 21:13:43.241 [main] INFO  com.example.crmgo.CrmgoApplication - The following profiles are active: dev
2021-07-13 21:13:43.930 [main] INFO  o.s.d.r.config.RepositoryConfigurationDelegate - Bootstrapping Spring Data JDBC repositories in DEFAULT mode.
2021-07-13 21:13:43.945 [main] INFO  o.s.d.r.config.RepositoryConfigurationDelegate - Finished Spring Data repository scanning in 8 ms. Found 0 JDBC repository interfaces.
2021-07-13 21:13:44.407 [main] INFO  o.s.boot.web.embedded.tomcat.TomcatWebServer - Tomcat initialized with port(s): 8762 (http)
2021-07-13 21:13:44.414 [main] INFO  org.apache.coyote.http11.Http11NioProtocol - Initializing ProtocolHandler ["http-nio-8762"]
2021-07-13 21:13:44.414 [main] INFO  org.apache.catalina.core.StandardService - Starting service [Tomcat]
2021-07-13 21:13:44.414 [main] INFO  org.apache.catalina.core.StandardEngine - Starting Servlet engine: [Apache Tomcat/9.0.48]
2021-07-13 21:13:44.521 [main] INFO  o.a.c.core.ContainerBase.[Tomcat].[localhost].[/] - Initializing Spring embedded WebApplicationContext
2021-07-13 21:13:44.522 [main] INFO  o.s.b.w.s.c.ServletWebServerApplicationContext - Root WebApplicationContext: initialization completed in 1229 ms
2021-07-13 21:13:45.188 [main] INFO  com.zaxxer.hikari.HikariDataSource - HikariPool-1 - Starting...
2021-07-13 21:13:45.312 [main] INFO  com.zaxxer.hikari.HikariDataSource - HikariPool-1 - Start completed.
2021-07-13 21:13:45.383 [main] INFO  org.apache.coyote.http11.Http11NioProtocol - Starting ProtocolHandler ["http-nio-8762"]
2021-07-13 21:13:45.399 [main] INFO  o.s.boot.web.embedded.tomcat.TomcatWebServer - Tomcat started on port(s): 8762 (http) with context path ''
2021-07-13 21:13:45.409 [main] INFO  com.example.crmgo.CrmgoApplication - Started CrmgoApplication in 2.608 seconds (JVM running for 3.543)
2021-07-13 21:13:53.916 [http-nio-8762-exec-1] INFO  o.a.c.core.ContainerBase.[Tomcat].[localhost].[/] - Initializing Spring DispatcherServlet 'dispatcherServlet'
2021-07-13 21:13:53.916 [http-nio-8762-exec-1] INFO  org.springframework.web.servlet.DispatcherServlet - Initializing Servlet 'dispatcherServlet'
2021-07-13 21:13:53.917 [http-nio-8762-exec-1] INFO  org.springframework.web.servlet.DispatcherServlet - Completed initialization in 0 ms
2021-07-13 21:13:53.957 [http-nio-8762-exec-1] INFO  c.e.c.register.service.impl.RegisterServiceImpl - login customerId#123,password#123456
2021-07-13 21:14:21.537 [http-nio-8762-exec-8] INFO  c.e.c.register.service.impl.RegisterServiceImpl - login customerId#123,password#123456
2021-07-13 21:26:55.497 [main] INFO  com.example.crmgo.CrmgoApplication - Starting CrmgoApplication using Java 1.8.0_251 on DESKTOP-DGCHB3I with PID 68796 (D:\Documents\java_practice_demo\CRMGO\target\classes started by nantian in D:\Documents\java_practice_demo\CRMGO)
2021-07-13 21:26:55.499 [main] INFO  com.example.crmgo.CrmgoApplication - The following profiles are active: dev
2021-07-13 21:26:56.061 [main] INFO  o.s.d.r.config.RepositoryConfigurationDelegate - Bootstrapping Spring Data JDBC repositories in DEFAULT mode.
2021-07-13 21:26:56.069 [main] INFO  o.s.d.r.config.RepositoryConfigurationDelegate - Finished Spring Data repository scanning in 5 ms. Found 0 JDBC repository interfaces.
2021-07-13 21:26:56.459 [main] INFO  o.s.boot.web.embedded.tomcat.TomcatWebServer - Tomcat initialized with port(s): 8762 (http)
2021-07-13 21:26:56.467 [main] INFO  org.apache.coyote.http11.Http11NioProtocol - Initializing ProtocolHandler ["http-nio-8762"]
2021-07-13 21:26:56.467 [main] INFO  org.apache.catalina.core.StandardService - Starting service [Tomcat]
2021-07-13 21:26:56.467 [main] INFO  org.apache.catalina.core.StandardEngine - Starting Servlet engine: [Apache Tomcat/9.0.48]
2021-07-13 21:26:56.563 [main] INFO  o.a.c.core.ContainerBase.[Tomcat].[localhost].[/] - Initializing Spring embedded WebApplicationContext
2021-07-13 21:26:56.564 [main] INFO  o.s.b.w.s.c.ServletWebServerApplicationContext - Root WebApplicationContext: initialization completed in 1020 ms
2021-07-13 21:26:57.117 [main] INFO  com.zaxxer.hikari.HikariDataSource - HikariPool-1 - Starting...
2021-07-13 21:26:57.229 [main] INFO  com.zaxxer.hikari.HikariDataSource - HikariPool-1 - Start completed.
2021-07-13 21:26:57.276 [main] INFO  org.apache.coyote.http11.Http11NioProtocol - Starting ProtocolHandler ["http-nio-8762"]
2021-07-13 21:26:57.289 [main] INFO  o.s.boot.web.embedded.tomcat.TomcatWebServer - Tomcat started on port(s): 8762 (http) with context path ''
2021-07-13 21:26:57.298 [main] INFO  com.example.crmgo.CrmgoApplication - Started CrmgoApplication in 2.23 seconds (JVM running for 3.085)
2021-07-13 21:27:11.796 [http-nio-8762-exec-1] INFO  o.a.c.core.ContainerBase.[Tomcat].[localhost].[/] - Initializing Spring DispatcherServlet 'dispatcherServlet'
2021-07-13 21:27:11.797 [http-nio-8762-exec-1] INFO  org.springframework.web.servlet.DispatcherServlet - Initializing Servlet 'dispatcherServlet'
2021-07-13 21:27:11.798 [http-nio-8762-exec-1] INFO  org.springframework.web.servlet.DispatcherServlet - Completed initialization in 1 ms
2021-07-13 21:27:11.861 [http-nio-8762-exec-1] INFO  c.e.c.register.service.impl.RegisterServiceImpl - login customerId#123,password#123456
2021-07-13 21:27:12.061 [http-nio-8762-exec-1] INFO  c.e.crmgo.register.utils.interceptor.Intercept - 测试拦截器启动
2021-07-13 21:27:12.062 [http-nio-8762-exec-1] INFO  c.e.crmgo.register.utils.interceptor.Intercept - http://localhost:8762/error
